Syntax of original query:	PREFIX rdf: <http://www.w3.org/1999/02/22-rdf-syntax-ns#> PREFIX ub: <http://swat.cse.lehigh.edu/onto/univ-bench.owl#> SELECT ?X WHERE{?X rdf:type ub:Student . ?X ub:takesCourse <http://www.Department0.University0.edu/GraduateCourse16>}
Syntax of SQL:	 (SELECT c0.s FROM cs_2 AS c0  WHERE c0.p_0 = null AND 105 = ANY(c0.p_14))  UNION  (SELECT c0.s FROM cs_3 AS c0  WHERE c0.p_0 = null AND 105 = ANY(c0.p_14))  UNION  (SELECT c0.s FROM cs_5 AS c0  WHERE c0.p_0 = null AND 105 = ANY(c0.p_14))  UNION  (SELECT c0.s FROM cs_6 AS c0  WHERE c0.p_0 = null AND 105 = ANY(c0.p_14)) 
Start Q1 execution plan
HashAggregate  (cost=0.03..0.07 rows=4 width=4) (actual time=0.007..0.007 rows=0 loops=1)
  Group Key: c0_4.s
  ->  Append  (cost=0.00..0.02 rows=4 width=4) (actual time=0.006..0.006 rows=0 loops=1)
        ->  Result  (cost=0.00..0.00 rows=0 width=0) (actual time=0.005..0.005 rows=0 loops=1)
              One-Time Filter: false
        ->  Result  (cost=0.00..0.00 rows=0 width=0) (actual time=0.000..0.000 rows=0 loops=1)
              One-Time Filter: false
        ->  Result  (cost=0.00..0.00 rows=0 width=0) (actual time=0.000..0.000 rows=0 loops=1)
              One-Time Filter: false
        ->  Result  (cost=0.00..0.00 rows=0 width=0) (actual time=0.000..0.000 rows=0 loops=1)
              One-Time Filter: false
Planning Time: 11.359 ms
Execution Time: 0.147 ms

Q1SPARQL:	PREFIX rdf: <http://www.w3.org/1999/02/22-rdf-syntax-ns#> PREFIX ub: <http://swat.cse.lehigh.edu/onto/univ-bench.owl#> SELECT ?X WHERE{?X rdf:type ub:Student . ?X ub:takesCourse <http://www.Department0.University0.edu/GraduateCourse16>}
Q1:	PlanTime	11.359ms	ExecTime	0.147ms	TotalTime	11.5060005ms



Syntax of original query:	PREFIX rdf: <http://www.w3.org/1999/02/22-rdf-syntax-ns#> PREFIX ub: <http://swat.cse.lehigh.edu/onto/univ-bench.owl#> SELECT DISTINCT ?X ?Y ?Z WHERE {?X rdf:type ub:GraduateStudent .?Y rdf:type ub:University . ?Z rdf:type ub:Department .?X ub:memberOf ?Z . ?Z ub:subOrganizationOf ?Y .?X ub:undergraduateDegreeFrom ?Y}
Syntax of SQL:	 SELECT c0.s, c1.s, c2.s FROM cs_2 AS c1  INNER JOIN cs_4 AS c0 ON c0.s = ANY(c1.p_13)  INNER JOIN cs_0 AS c2 ON c0.p_3 = c2.s AND c2.s = ANY(c1.p_5)  WHERE 7 = ANY(c0.p_0) AND c0.p_3 IS NOT NULL  AND 1996 = ANY(c1.p_0)     AND 4 = ANY(c2.p_0) UNION  SELECT c0.s, c1.s, c2.s FROM cs_2 AS c1  INNER JOIN cs_4 AS c0 ON c0.s = ANY(c1.p_13)  INNER JOIN cs_1 AS c2 ON c0.p_3 = c2.s AND c2.s = ANY(c1.p_5)  WHERE 7 = ANY(c0.p_0) AND c0.p_3 IS NOT NULL  AND 1996 = ANY(c1.p_0)     AND 4 = ANY(c2.p_0) UNION  SELECT c0.s, c1.s, c2.s FROM cs_2 AS c1  INNER JOIN cs_4 AS c0 ON c0.s = ANY(c1.p_13)  INNER JOIN cs_2 AS c2 ON c0.p_3 = c2.s AND c2.s = ANY(c1.p_5)  WHERE 7 = ANY(c0.p_0) AND c0.p_3 IS NOT NULL  AND 1996 = ANY(c1.p_0)     AND 4 = ANY(c2.p_0) UNION  SELECT c0.s, c1.s, c2.s FROM cs_2 AS c1  INNER JOIN cs_4 AS c0 ON c0.s = ANY(c1.p_13)  INNER JOIN cs_3 AS c2 ON c0.p_3 = c2.s AND c2.s = ANY(c1.p_5)  WHERE 7 = ANY(c0.p_0) AND c0.p_3 IS NOT NULL  AND 1996 = ANY(c1.p_0)     AND 4 = ANY(c2.p_0) UNION  SELECT c0.s, c1.s, c2.s FROM cs_2 AS c1  INNER JOIN cs_4 AS c0 ON c0.s = ANY(c1.p_13)  INNER JOIN cs_4 AS c2 ON c0.p_3 = c2.s AND c2.s = ANY(c1.p_5)  WHERE 7 = ANY(c0.p_0) AND c0.p_3 IS NOT NULL  AND 1996 = ANY(c1.p_0)     AND 4 = ANY(c2.p_0) UNION  SELECT c0.s, c1.s, c2.s FROM cs_2 AS c1  INNER JOIN cs_4 AS c0 ON c0.s = ANY(c1.p_13)  INNER JOIN cs_5 AS c2 ON c0.p_3 = c2.s AND c2.s = ANY(c1.p_5)  WHERE 7 = ANY(c0.p_0) AND c0.p_3 IS NOT NULL  AND 1996 = ANY(c1.p_0)     AND 4 = ANY(c2.p_0) UNION  SELECT c0.s, c1.s, c2.s FROM cs_2 AS c1  INNER JOIN cs_4 AS c0 ON c0.s = ANY(c1.p_13)  INNER JOIN cs_6 AS c2 ON c0.p_3 = c2.s AND c2.s = ANY(c1.p_5)  WHERE 7 = ANY(c0.p_0) AND c0.p_3 IS NOT NULL  AND 1996 = ANY(c1.p_0)     AND 4 = ANY(c2.p_0) UNION  SELECT c0.s, c1.s, c2.s FROM cs_2 AS c1  INNER JOIN cs_4 AS c0 ON c0.s = ANY(c1.p_13)  INNER JOIN cs_7 AS c2 ON c0.p_3 = c2.s AND c2.s = ANY(c1.p_5)  WHERE 7 = ANY(c0.p_0) AND c0.p_3 IS NOT NULL  AND 1996 = ANY(c1.p_0)     AND 4 = ANY(c2.p_0) UNION  SELECT c0.s, c1.s, c2.s FROM cs_5 AS c1  INNER JOIN cs_4 AS c0 ON c0.s = ANY(c1.p_13)  INNER JOIN cs_0 AS c2 ON c0.p_3 = c2.s AND c2.s = ANY(c1.p_5)  WHERE 7 = ANY(c0.p_0) AND c0.p_3 IS NOT NULL  AND 1996 = ANY(c1.p_0)     AND 4 = ANY(c2.p_0) UNION  SELECT c0.s, c1.s, c2.s FROM cs_5 AS c1  INNER JOIN cs_4 AS c0 ON c0.s = ANY(c1.p_13)  INNER JOIN cs_1 AS c2 ON c0.p_3 = c2.s AND c2.s = ANY(c1.p_5)  WHERE 7 = ANY(c0.p_0) AND c0.p_3 IS NOT NULL  AND 1996 = ANY(c1.p_0)     AND 4 = ANY(c2.p_0) UNION  SELECT c0.s, c1.s, c2.s FROM cs_5 AS c1  INNER JOIN cs_4 AS c0 ON c0.s = ANY(c1.p_13)  INNER JOIN cs_2 AS c2 ON c0.p_3 = c2.s AND c2.s = ANY(c1.p_5)  WHERE 7 = ANY(c0.p_0) AND c0.p_3 IS NOT NULL  AND 1996 = ANY(c1.p_0)     AND 4 = ANY(c2.p_0) UNION  SELECT c0.s, c1.s, c2.s FROM cs_5 AS c1  INNER JOIN cs_4 AS c0 ON c0.s = ANY(c1.p_13)  INNER JOIN cs_3 AS c2 ON c0.p_3 = c2.s AND c2.s = ANY(c1.p_5)  WHERE 7 = ANY(c0.p_0) AND c0.p_3 IS NOT NULL  AND 1996 = ANY(c1.p_0)     AND 4 = ANY(c2.p_0) UNION  SELECT c0.s, c1.s, c2.s FROM cs_5 AS c1  INNER JOIN cs_4 AS c0 ON c0.s = ANY(c1.p_13)  INNER JOIN cs_4 AS c2 ON c0.p_3 = c2.s AND c2.s = ANY(c1.p_5)  WHERE 7 = ANY(c0.p_0) AND c0.p_3 IS NOT NULL  AND 1996 = ANY(c1.p_0)     AND 4 = ANY(c2.p_0) UNION  SELECT c0.s, c1.s, c2.s FROM cs_5 AS c1  INNER JOIN cs_4 AS c0 ON c0.s = ANY(c1.p_13)  INNER JOIN cs_5 AS c2 ON c0.p_3 = c2.s AND c2.s = ANY(c1.p_5)  WHERE 7 = ANY(c0.p_0) AND c0.p_3 IS NOT NULL  AND 1996 = ANY(c1.p_0)     AND 4 = ANY(c2.p_0) UNION  SELECT c0.s, c1.s, c2.s FROM cs_5 AS c1  INNER JOIN cs_4 AS c0 ON c0.s = ANY(c1.p_13)  INNER JOIN cs_6 AS c2 ON c0.p_3 = c2.s AND c2.s = ANY(c1.p_5)  WHERE 7 = ANY(c0.p_0) AND c0.p_3 IS NOT NULL  AND 1996 = ANY(c1.p_0)     AND 4 = ANY(c2.p_0) UNION  SELECT c0.s, c1.s, c2.s FROM cs_5 AS c1  INNER JOIN cs_4 AS c0 ON c0.s = ANY(c1.p_13)  INNER JOIN cs_7 AS c2 ON c0.p_3 = c2.s AND c2.s = ANY(c1.p_5)  WHERE 7 = ANY(c0.p_0) AND c0.p_3 IS NOT NULL  AND 1996 = ANY(c1.p_0)     AND 4 = ANY(c2.p_0) UNION  SELECT c0.s, c1.s, c2.s FROM cs_2 AS c1  INNER JOIN cs_7 AS c0 ON c0.s = ANY(c1.p_13)  INNER JOIN cs_0 AS c2 ON c2.s = ANY(c0.p_3) AND c2.s = ANY(c1.p_5)  WHERE 7 = ANY(c0.p_0)   AND 1996 = ANY(c1.p_0)     AND 4 = ANY(c2.p_0) UNION  SELECT c0.s, c1.s, c2.s FROM cs_2 AS c1  INNER JOIN cs_7 AS c0 ON c0.s = ANY(c1.p_13)  INNER JOIN cs_1 AS c2 ON c2.s = ANY(c0.p_3) AND c2.s = ANY(c1.p_5)  WHERE 7 = ANY(c0.p_0)   AND 1996 = ANY(c1.p_0)     AND 4 = ANY(c2.p_0) UNION  SELECT c0.s, c1.s, c2.s FROM cs_2 AS c1  INNER JOIN cs_7 AS c0 ON c0.s = ANY(c1.p_13)  INNER JOIN cs_2 AS c2 ON c2.s = ANY(c0.p_3) AND c2.s = ANY(c1.p_5)  WHERE 7 = ANY(c0.p_0)   AND 1996 = ANY(c1.p_0)     AND 4 = ANY(c2.p_0) UNION  SELECT c0.s, c1.s, c2.s FROM cs_2 AS c1  INNER JOIN cs_7 AS c0 ON c0.s = ANY(c1.p_13)  INNER JOIN cs_3 AS c2 ON c2.s = ANY(c0.p_3) AND c2.s = ANY(c1.p_5)  WHERE 7 = ANY(c0.p_0)   AND 1996 = ANY(c1.p_0)     AND 4 = ANY(c2.p_0) UNION  SELECT c0.s, c1.s, c2.s FROM cs_2 AS c1  INNER JOIN cs_7 AS c0 ON c0.s = ANY(c1.p_13)  INNER JOIN cs_4 AS c2 ON c2.s = ANY(c0.p_3) AND c2.s = ANY(c1.p_5)  WHERE 7 = ANY(c0.p_0)   AND 1996 = ANY(c1.p_0)     AND 4 = ANY(c2.p_0) UNION  SELECT c0.s, c1.s, c2.s FROM cs_2 AS c1  INNER JOIN cs_7 AS c0 ON c0.s = ANY(c1.p_13)  INNER JOIN cs_5 AS c2 ON c2.s = ANY(c0.p_3) AND c2.s = ANY(c1.p_5)  WHERE 7 = ANY(c0.p_0)   AND 1996 = ANY(c1.p_0)     AND 4 = ANY(c2.p_0) UNION  SELECT c0.s, c1.s, c2.s FROM cs_2 AS c1  INNER JOIN cs_7 AS c0 ON c0.s = ANY(c1.p_13)  INNER JOIN cs_6 AS c2 ON c2.s = ANY(c0.p_3) AND c2.s = ANY(c1.p_5)  WHERE 7 = ANY(c0.p_0)   AND 1996 = ANY(c1.p_0)     AND 4 = ANY(c2.p_0) UNION  SELECT c0.s, c1.s, c2.s FROM cs_2 AS c1  INNER JOIN cs_7 AS c0 ON c0.s = ANY(c1.p_13)  INNER JOIN cs_7 AS c2 ON c2.s = ANY(c0.p_3) AND c2.s = ANY(c1.p_5)  WHERE 7 = ANY(c0.p_0)   AND 1996 = ANY(c1.p_0)     AND 4 = ANY(c2.p_0) UNION  SELECT c0.s, c1.s, c2.s FROM cs_5 AS c1  INNER JOIN cs_7 AS c0 ON c0.s = ANY(c1.p_13)  INNER JOIN cs_0 AS c2 ON c2.s = ANY(c0.p_3) AND c2.s = ANY(c1.p_5)  WHERE 7 = ANY(c0.p_0)   AND 1996 = ANY(c1.p_0)     AND 4 = ANY(c2.p_0) UNION  SELECT c0.s, c1.s, c2.s FROM cs_5 AS c1  INNER JOIN cs_7 AS c0 ON c0.s = ANY(c1.p_13)  INNER JOIN cs_1 AS c2 ON c2.s = ANY(c0.p_3) AND c2.s = ANY(c1.p_5)  WHERE 7 = ANY(c0.p_0)   AND 1996 = ANY(c1.p_0)     AND 4 = ANY(c2.p_0) UNION  SELECT c0.s, c1.s, c2.s FROM cs_5 AS c1  INNER JOIN cs_7 AS c0 ON c0.s = ANY(c1.p_13)  INNER JOIN cs_2 AS c2 ON c2.s = ANY(c0.p_3) AND c2.s = ANY(c1.p_5)  WHERE 7 = ANY(c0.p_0)   AND 1996 = ANY(c1.p_0)     AND 4 = ANY(c2.p_0) UNION  SELECT c0.s, c1.s, c2.s FROM cs_5 AS c1  INNER JOIN cs_7 AS c0 ON c0.s = ANY(c1.p_13)  INNER JOIN cs_3 AS c2 ON c2.s = ANY(c0.p_3) AND c2.s = ANY(c1.p_5)  WHERE 7 = ANY(c0.p_0)   AND 1996 = ANY(c1.p_0)     AND 4 = ANY(c2.p_0) UNION  SELECT c0.s, c1.s, c2.s FROM cs_5 AS c1  INNER JOIN cs_7 AS c0 ON c0.s = ANY(c1.p_13)  INNER JOIN cs_4 AS c2 ON c2.s = ANY(c0.p_3) AND c2.s = ANY(c1.p_5)  WHERE 7 = ANY(c0.p_0)   AND 1996 = ANY(c1.p_0)     AND 4 = ANY(c2.p_0) UNION  SELECT c0.s, c1.s, c2.s FROM cs_5 AS c1  INNER JOIN cs_7 AS c0 ON c0.s = ANY(c1.p_13)  INNER JOIN cs_5 AS c2 ON c2.s = ANY(c0.p_3) AND c2.s = ANY(c1.p_5)  WHERE 7 = ANY(c0.p_0)   AND 1996 = ANY(c1.p_0)     AND 4 = ANY(c2.p_0) UNION  SELECT c0.s, c1.s, c2.s FROM cs_5 AS c1  INNER JOIN cs_7 AS c0 ON c0.s = ANY(c1.p_13)  INNER JOIN cs_6 AS c2 ON c2.s = ANY(c0.p_3) AND c2.s = ANY(c1.p_5)  WHERE 7 = ANY(c0.p_0)   AND 1996 = ANY(c1.p_0)     AND 4 = ANY(c2.p_0) UNION  SELECT c0.s, c1.s, c2.s FROM cs_5 AS c1  INNER JOIN cs_7 AS c0 ON c0.s = ANY(c1.p_13)  INNER JOIN cs_7 AS c2 ON c2.s = ANY(c0.p_3) AND c2.s = ANY(c1.p_5)  WHERE 7 = ANY(c0.p_0)   AND 1996 = ANY(c1.p_0)     AND 4 = ANY(c2.p_0)
Start Q2 execution plan
HashAggregate  (cost=6113955.57..6113962.56 rows=699 width=12) (actual time=3345.748..3345.785 rows=264 loops=1)
  Group Key: c0.s, c1.s, c2.s
  ->  Append  (cost=1000.42..6113950.33 rows=699 width=12) (actual time=1065.091..3345.493 rows=264 loops=1)
        ->  Nested Loop  (cost=1000.42..23109.03 rows=1 width=12) (actual time=46.509..46.509 rows=0 loops=1)
              Join Filter: ((c0.s = ANY (c1.p_13)) AND (c2.s = ANY (c1.p_5)))
              ->  Gather  (cost=1000.42..5997.37 rows=1 width=8) (actual time=46.508..46.563 rows=0 loops=1)
                    Workers Planned: 1
                    Workers Launched: 1
                    ->  Nested Loop  (cost=0.42..4997.27 rows=1 width=8) (actual time=19.588..19.588 rows=0 loops=2)
                          ->  Parallel Seq Scan on cs_4 c0  (cost=0.00..4291.49 rows=89 width=8) (actual time=19.587..19.587 rows=0 loops=2)
                                Filter: ((p_3 IS NOT NULL) AND (7 = ANY (p_0)))
                                Rows Removed by Filter: 51170
                          ->  Index Scan using cs_0_s on cs_0 c2  (cost=0.42..7.92 rows=1 width=4) (never executed)
                                Index Cond: (s = c0.p_3)
                                Filter: (4 = ANY (p_0))
              ->  Seq Scan on cs_2 c1  (cost=0.00..10231.78 rows=196568 width=54) (never executed)
                    Filter: (1996 = ANY (p_0))
        ->  Nested Loop  (cost=19838.01..41241.60 rows=1 width=12) (actual time=120.004..120.004 rows=0 loops=1)
              Join Filter: ((c0_1.s = ANY (c1_1.p_13)) AND (c2_1.s = ANY (c1_1.p_5)))
              ->  Gather  (cost=19838.01..24129.94 rows=1 width=8) (actual time=120.004..120.137 rows=0 loops=1)
                    Workers Planned: 1
                    Workers Launched: 1
                    ->  Parallel Hash Join  (cost=18838.01..23129.84 rows=1 width=8) (actual time=92.044..92.045 rows=0 loops=2)
                          Hash Cond: (c0_1.p_3 = c2_1.s)
                          ->  Parallel Seq Scan on cs_4 c0_1  (cost=0.00..4291.49 rows=89 width=8) (never executed)
                                Filter: ((p_3 IS NOT NULL) AND (7 = ANY (p_0)))
                          ->  Parallel Hash  (cost=18816.95..18816.95 rows=1685 width=4) (actual time=91.815..91.815 rows=0 loops=2)
                                Buckets: 4096  Batches: 1  Memory Usage: 0kB
                                ->  Parallel Seq Scan on cs_1 c2_1  (cost=0.00..18816.95 rows=1685 width=4) (actual time=91.781..91.781 rows=0 loops=2)
                                      Filter: (4 = ANY (p_0))
                                      Rows Removed by Filter: 404371
              ->  Seq Scan on cs_2 c1_1  (cost=0.00..10231.78 rows=196568 width=54) (never executed)
                    Filter: (1996 = ANY (p_0))
        ->  Nested Loop  (cost=1000.42..23111.39 rows=1 width=12) (actual time=41.680..41.680 rows=0 loops=1)
              Join Filter: ((c0_2.s = ANY (c1_2.p_13)) AND (c2_2.s = ANY (c1_2.p_5)))
              ->  Gather  (cost=1000.42..5999.73 rows=1 width=8) (actual time=41.679..41.723 rows=0 loops=1)
                    Workers Planned: 1
                    Workers Launched: 1
                    ->  Nested Loop  (cost=0.42..4999.63 rows=1 width=8) (actual time=12.408..12.408 rows=0 loops=2)
                          ->  Parallel Seq Scan on cs_4 c0_2  (cost=0.00..4291.49 rows=89 width=8) (actual time=12.407..12.407 rows=0 loops=2)
                                Filter: ((p_3 IS NOT NULL) AND (7 = ANY (p_0)))
                                Rows Removed by Filter: 51170
                          ->  Index Scan using cs_2_s on cs_2 c2_2  (cost=0.42..7.95 rows=1 width=4) (never executed)
                                Index Cond: (s = c0_2.p_3)
                                Filter: (4 = ANY (p_0))
              ->  Seq Scan on cs_2 c1_2  (cost=0.00..10231.78 rows=196568 width=54) (never executed)
                    Filter: (1996 = ANY (p_0))
        ->  Nested Loop  (cost=6790.19..28193.78 rows=1 width=12) (actual time=41.851..41.851 rows=0 loops=1)
              Join Filter: ((c0_3.s = ANY (c1_3.p_13)) AND (c2_3.s = ANY (c1_3.p_5)))
              ->  Gather  (cost=6790.19..11082.12 rows=1 width=8) (actual time=41.850..41.938 rows=0 loops=1)
                    Workers Planned: 1
                    Workers Launched: 1
                    ->  Parallel Hash Join  (cost=5790.19..10082.02 rows=1 width=8) (actual time=21.383..21.383 rows=0 loops=2)
                          Hash Cond: (c0_3.p_3 = c2_3.s)
                          ->  Parallel Seq Scan on cs_4 c0_3  (cost=0.00..4291.49 rows=89 width=8) (never executed)
                                Filter: ((p_3 IS NOT NULL) AND (7 = ANY (p_0)))
                          ->  Parallel Hash  (cost=5786.05..5786.05 rows=331 width=4) (actual time=21.220..21.220 rows=0 loops=2)
                                Buckets: 1024  Batches: 1  Memory Usage: 0kB
                                ->  Parallel Seq Scan on cs_3 c2_3  (cost=0.00..5786.05 rows=331 width=4) (actual time=21.193..21.193 rows=0 loops=2)
                                      Filter: (4 = ANY (p_0))
                                      Rows Removed by Filter: 79470
              ->  Seq Scan on cs_2 c1_3  (cost=0.00..10231.78 rows=196568 width=54) (never executed)
                    Filter: (1996 = ANY (p_0))
        ->  Nested Loop  (cost=1000.29..23064.68 rows=1 width=12) (actual time=40.839..40.839 rows=0 loops=1)
              Join Filter: ((c0_4.s = ANY (c1_4.p_13)) AND (c2_4.s = ANY (c1_4.p_5)))
              ->  Gather  (cost=1000.29..5953.02 rows=1 width=8) (actual time=40.837..40.873 rows=0 loops=1)
                    Workers Planned: 1
                    Workers Launched: 1
                    ->  Nested Loop  (cost=0.29..4952.92 rows=1 width=8) (actual time=11.156..11.157 rows=0 loops=2)
                          ->  Parallel Seq Scan on cs_4 c0_4  (cost=0.00..4291.49 rows=89 width=8) (actual time=11.156..11.156 rows=0 loops=2)
                                Filter: ((p_3 IS NOT NULL) AND (7 = ANY (p_0)))
                                Rows Removed by Filter: 51170
                          ->  Index Scan using cs_4_s on cs_4 c2_4  (cost=0.29..7.42 rows=1 width=4) (never executed)
                                Index Cond: (s = c0_4.p_3)
                                Filter: (4 = ANY (p_0))
              ->  Seq Scan on cs_2 c1_4  (cost=0.00..10231.78 rows=196568 width=54) (never executed)
                    Filter: (1996 = ANY (p_0))
        ->  Nested Loop  (cost=1000.29..23017.31 rows=1 width=12) (actual time=41.438..41.438 rows=0 loops=1)
              Join Filter: ((c0_5.s = ANY (c1_5.p_13)) AND (c2_5.s = ANY (c1_5.p_5)))
              ->  Gather  (cost=1000.29..5905.65 rows=1 width=8) (actual time=41.437..41.468 rows=0 loops=1)
                    Workers Planned: 1
                    Workers Launched: 1
                    ->  Nested Loop  (cost=0.29..4905.55 rows=1 width=8) (actual time=12.507..12.507 rows=0 loops=2)
                          ->  Parallel Seq Scan on cs_4 c0_5  (cost=0.00..4291.49 rows=89 width=8) (actual time=12.507..12.507 rows=0 loops=2)
                                Filter: ((p_3 IS NOT NULL) AND (7 = ANY (p_0)))
                                Rows Removed by Filter: 51170
                          ->  Index Scan using cs_5_s on cs_5 c2_5  (cost=0.29..6.89 rows=1 width=4) (never executed)
                                Index Cond: (s = c0_5.p_3)
                                Filter: (4 = ANY (p_0))
              ->  Seq Scan on cs_2 c1_5  (cost=0.00..10231.78 rows=196568 width=54) (never executed)
                    Filter: (1996 = ANY (p_0))
        ->  Nested Loop  (cost=22161.75..43565.34 rows=1 width=12) (actual time=124.197..124.197 rows=0 loops=1)
              Join Filter: ((c0_6.s = ANY (c1_6.p_13)) AND (c2_6.s = ANY (c1_6.p_5)))
              ->  Gather  (cost=22161.75..26453.68 rows=1 width=8) (actual time=124.196..124.286 rows=0 loops=1)
                    Workers Planned: 1
                    Workers Launched: 1
                    ->  Parallel Hash Join  (cost=21161.75..25453.58 rows=1 width=8) (actual time=103.802..103.803 rows=0 loops=2)
                          Hash Cond: (c0_6.p_3 = c2_6.s)
                          ->  Parallel Seq Scan on cs_4 c0_6  (cost=0.00..4291.49 rows=89 width=8) (never executed)
                                Filter: ((p_3 IS NOT NULL) AND (7 = ANY (p_0)))
                          ->  Parallel Hash  (cost=21145.17..21145.17 rows=1327 width=4) (actual time=103.613..103.613 rows=0 loops=2)
                                Buckets: 4096  Batches: 1  Memory Usage: 0kB
                                ->  Parallel Seq Scan on cs_6 c2_6  (cost=0.00..21145.17 rows=1327 width=4) (actual time=103.593..103.593 rows=0 loops=2)
                                      Filter: (4 = ANY (p_0))
                                      Rows Removed by Filter: 318516
              ->  Seq Scan on cs_2 c1_6  (cost=0.00..10231.78 rows=196568 width=54) (never executed)
                    Filter: (1996 = ANY (p_0))
        ->  Nested Loop  (cost=0.00..22446.12 rows=1 width=12) (actual time=18.598..18.598 rows=0 loops=1)
              Join Filter: ((c0_7.s = ANY (c1_7.p_13)) AND (c2_7.s = ANY (c1_7.p_5)))
              ->  Nested Loop  (cost=0.00..5334.46 rows=1 width=8) (actual time=18.598..18.598 rows=0 loops=1)
                    Join Filter: (c0_7.p_3 = c2_7.s)
                    ->  Seq Scan on cs_4 c0_7  (cost=0.00..5239.63 rows=151 width=8) (actual time=18.597..18.597 rows=0 loops=1)
                          Filter: ((p_3 IS NOT NULL) AND (7 = ANY (p_0)))
                          Rows Removed by Filter: 102339
                    ->  Materialize  (cost=0.00..72.21 rows=10 width=4) (never executed)
                          ->  Seq Scan on cs_7 c2_7  (cost=0.00..72.16 rows=10 width=4) (never executed)
                                Filter: (4 = ANY (p_0))
              ->  Seq Scan on cs_2 c1_7  (cost=0.00..10231.78 rows=196568 width=54) (never executed)
                    Filter: (1996 = ANY (p_0))
        ->  Nested Loop  (cost=1000.42..11084.03 rows=1 width=12) (actual time=40.875..40.875 rows=0 loops=1)
              Join Filter: ((c0_8.s = ANY (c1_8.p_13)) AND (c2_8.s = ANY (c1_8.p_5)))
              ->  Gather  (cost=1000.42..5997.37 rows=1 width=8) (actual time=40.874..40.905 rows=0 loops=1)
                    Workers Planned: 1
                    Workers Launched: 1
                    ->  Nested Loop  (cost=0.42..4997.27 rows=1 width=8) (actual time=9.811..9.811 rows=0 loops=2)
                          ->  Parallel Seq Scan on cs_4 c0_8  (cost=0.00..4291.49 rows=89 width=8) (actual time=9.810..9.810 rows=0 loops=2)
                                Filter: ((p_3 IS NOT NULL) AND (7 = ANY (p_0)))
                                Rows Removed by Filter: 51170
                          ->  Index Scan using cs_0_s on cs_0 c2_8  (cost=0.42..7.92 rows=1 width=4) (never executed)
                                Index Cond: (s = c0_8.p_3)
                                Filter: (4 = ANY (p_0))
              ->  Seq Scan on cs_5 c1_8  (cost=0.00..3126.86 rows=55994 width=54) (never executed)
                    Filter: (1996 = ANY (p_0))
        ->  Nested Loop  (cost=19838.01..29216.59 rows=1 width=12) (actual time=98.569..98.569 rows=0 loops=1)
              Join Filter: ((c0_9.s = ANY (c1_9.p_13)) AND (c2_9.s = ANY (c1_9.p_5)))
              ->  Gather  (cost=19838.01..24129.94 rows=1 width=8) (actual time=98.568..98.660 rows=0 loops=1)
                    Workers Planned: 1
                    Workers Launched: 1
                    ->  Parallel Hash Join  (cost=18838.01..23129.84 rows=1 width=8) (actual time=77.677..77.678 rows=0 loops=2)
                          Hash Cond: (c0_9.p_3 = c2_9.s)
                          ->  Parallel Seq Scan on cs_4 c0_9  (cost=0.00..4291.49 rows=89 width=8) (never executed)
                                Filter: ((p_3 IS NOT NULL) AND (7 = ANY (p_0)))
                          ->  Parallel Hash  (cost=18816.95..18816.95 rows=1685 width=4) (actual time=77.486..77.486 rows=0 loops=2)
                                Buckets: 4096  Batches: 1  Memory Usage: 0kB
                                ->  Parallel Seq Scan on cs_1 c2_9  (cost=0.00..18816.95 rows=1685 width=4) (actual time=77.464..77.464 rows=0 loops=2)
                                      Filter: (4 = ANY (p_0))
                                      Rows Removed by Filter: 404371
              ->  Seq Scan on cs_5 c1_9  (cost=0.00..3126.86 rows=55994 width=54) (never executed)
                    Filter: (1996 = ANY (p_0))
        ->  Nested Loop  (cost=1000.42..11086.39 rows=1 width=12) (actual time=46.188..46.188 rows=0 loops=1)
              Join Filter: ((c0_10.s = ANY (c1_10.p_13)) AND (c2_10.s = ANY (c1_10.p_5)))
              ->  Gather  (cost=1000.42..5999.73 rows=1 width=8) (actual time=46.187..46.222 rows=0 loops=1)
                    Workers Planned: 1
                    Workers Launched: 1
                    ->  Nested Loop  (cost=0.42..4999.63 rows=1 width=8) (actual time=9.362..9.362 rows=0 loops=2)
                          ->  Parallel Seq Scan on cs_4 c0_10  (cost=0.00..4291.49 rows=89 width=8) (actual time=9.362..9.362 rows=0 loops=2)
                                Filter: ((p_3 IS NOT NULL) AND (7 = ANY (p_0)))
                                Rows Removed by Filter: 51170
                          ->  Index Scan using cs_2_s on cs_2 c2_10  (cost=0.42..7.95 rows=1 width=4) (never executed)
                                Index Cond: (s = c0_10.p_3)
                                Filter: (4 = ANY (p_0))
              ->  Seq Scan on cs_5 c1_10  (cost=0.00..3126.86 rows=55994 width=54) (never executed)
                    Filter: (1996 = ANY (p_0))
        ->  Nested Loop  (cost=6790.19..16168.78 rows=1 width=12) (actual time=41.561..41.561 rows=0 loops=1)
              Join Filter: ((c0_11.s = ANY (c1_11.p_13)) AND (c2_11.s = ANY (c1_11.p_5)))
              ->  Gather  (cost=6790.19..11082.12 rows=1 width=8) (actual time=41.560..41.642 rows=0 loops=1)
                    Workers Planned: 1
                    Workers Launched: 1
                    ->  Parallel Hash Join  (cost=5790.19..10082.02 rows=1 width=8) (actual time=17.249..17.250 rows=0 loops=2)
                          Hash Cond: (c0_11.p_3 = c2_11.s)
                          ->  Parallel Seq Scan on cs_4 c0_11  (cost=0.00..4291.49 rows=89 width=8) (never executed)
                                Filter: ((p_3 IS NOT NULL) AND (7 = ANY (p_0)))
                          ->  Parallel Hash  (cost=5786.05..5786.05 rows=331 width=4) (actual time=17.088..17.088 rows=0 loops=2)
                                Buckets: 1024  Batches: 1  Memory Usage: 0kB
                                ->  Parallel Seq Scan on cs_3 c2_11  (cost=0.00..5786.05 rows=331 width=4) (actual time=34.148..34.148 rows=0 loops=1)
                                      Filter: (4 = ANY (p_0))
                                      Rows Removed by Filter: 158939
              ->  Seq Scan on cs_5 c1_11  (cost=0.00..3126.86 rows=55994 width=54) (never executed)
                    Filter: (1996 = ANY (p_0))
        ->  Nested Loop  (cost=1000.29..11039.68 rows=1 width=12) (actual time=43.258..43.258 rows=0 loops=1)
              Join Filter: ((c0_12.s = ANY (c1_12.p_13)) AND (c2_12.s = ANY (c1_12.p_5)))
              ->  Gather  (cost=1000.29..5953.02 rows=1 width=8) (actual time=43.257..43.287 rows=0 loops=1)
                    Workers Planned: 1
                    Workers Launched: 1
                    ->  Nested Loop  (cost=0.29..4952.92 rows=1 width=8) (actual time=15.423..15.423 rows=0 loops=2)
                          ->  Parallel Seq Scan on cs_4 c0_12  (cost=0.00..4291.49 rows=89 width=8) (actual time=15.422..15.422 rows=0 loops=2)
                                Filter: ((p_3 IS NOT NULL) AND (7 = ANY (p_0)))
                                Rows Removed by Filter: 51170
                          ->  Index Scan using cs_4_s on cs_4 c2_12  (cost=0.29..7.42 rows=1 width=4) (never executed)
                                Index Cond: (s = c0_12.p_3)
                                Filter: (4 = ANY (p_0))
              ->  Seq Scan on cs_5 c1_12  (cost=0.00..3126.86 rows=55994 width=54) (never executed)
                    Filter: (1996 = ANY (p_0))
        ->  Nested Loop  (cost=1000.29..10992.30 rows=1 width=12) (actual time=179.865..179.865 rows=0 loops=1)
              Join Filter: ((c0_13.s = ANY (c1_13.p_13)) AND (c2_13.s = ANY (c1_13.p_5)))
              ->  Gather  (cost=1000.29..5905.65 rows=1 width=8) (actual time=179.864..179.896 rows=0 loops=1)
                    Workers Planned: 1
                    Workers Launched: 1
                    ->  Nested Loop  (cost=0.29..4905.55 rows=1 width=8) (actual time=9.844..9.844 rows=0 loops=2)
                          ->  Parallel Seq Scan on cs_4 c0_13  (cost=0.00..4291.49 rows=89 width=8) (actual time=9.843..9.843 rows=0 loops=2)
                                Filter: ((p_3 IS NOT NULL) AND (7 = ANY (p_0)))
                                Rows Removed by Filter: 51170
                          ->  Index Scan using cs_5_s on cs_5 c2_13  (cost=0.29..6.89 rows=1 width=4) (never executed)
                                Index Cond: (s = c0_13.p_3)
                                Filter: (4 = ANY (p_0))
              ->  Seq Scan on cs_5 c1_13  (cost=0.00..3126.86 rows=55994 width=54) (never executed)
                    Filter: (1996 = ANY (p_0))
        ->  Nested Loop  (cost=22161.75..31540.34 rows=1 width=12) (actual time=107.215..107.215 rows=0 loops=1)
              Join Filter: ((c0_14.s = ANY (c1_14.p_13)) AND (c2_14.s = ANY (c1_14.p_5)))
              ->  Gather  (cost=22161.75..26453.68 rows=1 width=8) (actual time=107.214..107.302 rows=0 loops=1)
                    Workers Planned: 1
                    Workers Launched: 1
                    ->  Parallel Hash Join  (cost=21161.75..25453.58 rows=1 width=8) (actual time=83.656..83.656 rows=0 loops=2)
                          Hash Cond: (c0_14.p_3 = c2_14.s)
                          ->  Parallel Seq Scan on cs_4 c0_14  (cost=0.00..4291.49 rows=89 width=8) (never executed)
                                Filter: ((p_3 IS NOT NULL) AND (7 = ANY (p_0)))
                          ->  Parallel Hash  (cost=21145.17..21145.17 rows=1327 width=4) (actual time=83.455..83.455 rows=0 loops=2)
                                Buckets: 4096  Batches: 1  Memory Usage: 0kB
                                ->  Parallel Seq Scan on cs_6 c2_14  (cost=0.00..21145.17 rows=1327 width=4) (actual time=83.431..83.431 rows=0 loops=2)
                                      Filter: (4 = ANY (p_0))
                                      Rows Removed by Filter: 318516
              ->  Seq Scan on cs_5 c1_14  (cost=0.00..3126.86 rows=55994 width=54) (never executed)
                    Filter: (1996 = ANY (p_0))
        ->  Nested Loop  (cost=0.00..10421.12 rows=1 width=12) (actual time=12.645..12.645 rows=0 loops=1)
              Join Filter: ((c0_15.s = ANY (c1_15.p_13)) AND (c2_15.s = ANY (c1_15.p_5)))
              ->  Nested Loop  (cost=0.00..5334.46 rows=1 width=8) (actual time=12.645..12.645 rows=0 loops=1)
                    Join Filter: (c0_15.p_3 = c2_15.s)
                    ->  Seq Scan on cs_4 c0_15  (cost=0.00..5239.63 rows=151 width=8) (actual time=12.644..12.644 rows=0 loops=1)
                          Filter: ((p_3 IS NOT NULL) AND (7 = ANY (p_0)))
                          Rows Removed by Filter: 102339
                    ->  Materialize  (cost=0.00..72.21 rows=10 width=4) (never executed)
                          ->  Seq Scan on cs_7 c2_15  (cost=0.00..72.16 rows=10 width=4) (never executed)
                                Filter: (4 = ANY (p_0))
              ->  Seq Scan on cs_5 c1_15  (cost=0.00..3126.86 rows=55994 width=54) (never executed)
                    Filter: (1996 = ANY (p_0))
        ->  Gather  (cost=1000.70..394853.77 rows=4 width=12) (actual time=19.777..422.394 rows=200 loops=1)
              Workers Planned: 2
              Workers Launched: 2
              ->  Nested Loop  (cost=0.70..393853.37 rows=2 width=12) (actual time=8.157..384.032 rows=67 loops=3)
                    Join Filter: (c2_16.s = ANY (c0_16.p_3))
                    Rows Removed by Join Filter: 65456
                    ->  Nested Loop  (cost=0.42..381782.67 rows=3657 width=33) (actual time=0.084..224.816 rows=65523 loops=3)
                          ->  Parallel Seq Scan on cs_2 c1_16  (cost=0.00..7651.82 rows=81903 width=54) (actual time=0.031..29.653 rows=65523 loops=3)
                                Filter: (1996 = ANY (p_0))
                          ->  Index Scan using cs_0_s on cs_0 c2_16  (cost=0.42..4.56 rows=1 width=4) (actual time=0.002..0.002 rows=1 loops=196568)
                                Index Cond: (s = ANY (c1_16.p_5))
                                Filter: (4 = ANY (p_0))
                    ->  Index Scan using cs_7_s on cs_7 c0_16  (cost=0.28..3.08 rows=10 width=29) (actual time=0.002..0.002 rows=1 loops=196568)
                          Index Cond: (s = ANY (c1_16.p_13))
                          Filter: (7 = ANY (p_0))
        ->  Gather  (cost=1000.00..936182.54 rows=1 width=12) (actual time=104.269..104.303 rows=0 loops=1)
              Workers Planned: 2
              Workers Launched: 2
              ->  Nested Loop  (cost=0.00..935182.44 rows=1 width=12) (actual time=64.979..64.979 rows=0 loops=3)
                    Join Filter: ((c0_17.s = ANY (c1_17.p_13)) AND (c2_17.s = ANY (c1_17.p_5)))
                    ->  Nested Loop  (cost=0.00..216492.72 rows=42 width=8) (actual time=64.978..64.978 rows=0 loops=3)
                          Join Filter: (c2_17.s = ANY (c0_17.p_3))
                          ->  Parallel Seq Scan on cs_1 c2_17  (cost=0.00..18816.95 rows=1685 width=4) (actual time=64.977..64.977 rows=0 loops=3)
                                Filter: (4 = ANY (p_0))
                                Rows Removed by Filter: 269580
                          ->  Seq Scan on cs_7 c0_17  (cost=0.00..72.16 rows=2007 width=29) (never executed)
                                Filter: (7 = ANY (p_0))
                    ->  Seq Scan on cs_2 c1_17  (cost=0.00..10231.78 rows=196568 width=54) (never executed)
                          Filter: (1996 = ANY (p_0))
        ->  Gather  (cost=1000.70..402139.53 rows=5 width=12) (actual time=211.069..211.107 rows=0 loops=1)
              Workers Planned: 2
              Workers Launched: 2
              ->  Nested Loop  (cost=0.70..401139.03 rows=2 width=12) (actual time=171.338..171.338 rows=0 loops=3)
                    Join Filter: (c2_18.s = ANY (c0_18.p_3))
                    ->  Nested Loop  (cost=0.42..387619.31 rows=4096 width=33) (actual time=171.337..171.337 rows=0 loops=3)
                          ->  Parallel Seq Scan on cs_2 c1_18  (cost=0.00..7651.82 rows=81903 width=54) (actual time=0.032..28.215 rows=65523 loops=3)
                                Filter: (1996 = ANY (p_0))
                          ->  Index Scan using cs_2_s on cs_2 c2_18  (cost=0.42..4.63 rows=1 width=4) (actual time=0.002..0.002 rows=0 loops=196568)
                                Index Cond: (s = ANY (c1_18.p_5))
                                Filter: (4 = ANY (p_0))
                    ->  Index Scan using cs_7_s on cs_7 c0_18  (cost=0.28..3.08 rows=10 width=29) (never executed)
                          Index Cond: (s = ANY (c1_18.p_13))
                          Filter: (7 = ANY (p_0))
        ->  Gather  (cost=1000.00..764307.64 rows=6 width=12) (actual time=65.204..65.239 rows=0 loops=1)
              Workers Planned: 2
              Workers Launched: 2
              ->  Nested Loop  (cost=0.00..763307.04 rows=2 width=12) (actual time=17.709..17.709 rows=0 loops=3)
                    Join Filter: ((c0_19.s = ANY (c1_19.p_13)) AND (c2_19.s = ANY (c1_19.p_5)))
                    ->  Nested Loop  (cost=0.00..44617.32 rows=42 width=8) (actual time=17.709..17.709 rows=0 loops=3)
                          Join Filter: (c2_19.s = ANY (c0_19.p_3))
                          ->  Parallel Seq Scan on cs_3 c2_19  (cost=0.00..5786.05 rows=331 width=4) (actual time=17.708..17.708 rows=0 loops=3)
                                Filter: (4 = ANY (p_0))
                                Rows Removed by Filter: 52980
                          ->  Seq Scan on cs_7 c0_19  (cost=0.00..72.16 rows=2007 width=29) (never executed)
                                Filter: (7 = ANY (p_0))
                    ->  Seq Scan on cs_2 c1_19  (cost=0.00..10231.78 rows=196568 width=54) (never executed)
                          Filter: (1996 = ANY (p_0))
        ->  Gather  (cost=1000.57..292500.33 rows=10 width=12) (actual time=218.770..218.806 rows=0 loops=1)
              Workers Planned: 2
              Workers Launched: 2
              ->  Nested Loop  (cost=0.57..291499.33 rows=4 width=12) (actual time=181.996..181.996 rows=0 loops=3)
                    Join Filter: (c2_20.s = ANY (c0_20.p_3))
                    ->  Nested Loop  (cost=0.29..277973.01 rows=4098 width=33) (actual time=181.996..181.996 rows=0 loops=3)
                          ->  Parallel Seq Scan on cs_2 c1_20  (cost=0.00..7651.82 rows=81903 width=54) (actual time=0.027..35.143 rows=65523 loops=3)
                                Filter: (1996 = ANY (p_0))
                          ->  Index Scan using cs_4_s on cs_4 c2_20  (cost=0.29..3.29 rows=1 width=4) (actual time=0.002..0.002 rows=0 loops=196568)
                                Index Cond: (s = ANY (c1_20.p_5))
                                Filter: (4 = ANY (p_0))
                    ->  Index Scan using cs_7_s on cs_7 c0_20  (cost=0.28..3.08 rows=10 width=29) (never executed)
                          Index Cond: (s = ANY (c1_20.p_13))
                          Filter: (7 = ANY (p_0))
        ->  Gather  (cost=1000.57..288448.66 rows=18 width=12) (actual time=301.861..301.897 rows=0 loops=1)
              Workers Planned: 2
              Workers Launched: 2
              ->  Nested Loop  (cost=0.57..287446.86 rows=8 width=12) (actual time=233.373..233.373 rows=0 loops=3)
                    Join Filter: (c2_21.s = ANY (c0_21.p_3))
                    ->  Nested Loop  (cost=0.29..273930.44 rows=4095 width=33) (actual time=233.373..233.373 rows=0 loops=3)
                          ->  Parallel Seq Scan on cs_2 c1_21  (cost=0.00..7651.82 rows=81903 width=54) (actual time=0.040..44.123 rows=65523 loops=3)
                                Filter: (1996 = ANY (p_0))
                          ->  Index Scan using cs_5_s on cs_5 c2_21  (cost=0.29..3.24 rows=1 width=4) (actual time=0.002..0.002 rows=0 loops=196568)
                                Index Cond: (s = ANY (c1_21.p_5))
                                Filter: (4 = ANY (p_0))
                    ->  Index Scan using cs_7_s on cs_7 c0_21  (cost=0.28..3.08 rows=10 width=29) (never executed)
                          Index Cond: (s = ANY (c1_21.p_13))
                          Filter: (7 = ANY (p_0))
        ->  Gather  (cost=1000.00..896512.09 rows=2 width=12) (actual time=172.488..172.522 rows=0 loops=1)
              Workers Planned: 2
              Workers Launched: 2
              ->  Nested Loop  (cost=0.00..895511.89 rows=1 width=12) (actual time=100.718..100.718 rows=0 loops=3)
                    Join Filter: ((c0_22.s = ANY (c1_22.p_13)) AND (c2_22.s = ANY (c1_22.p_5)))
                    ->  Nested Loop  (cost=0.00..176822.17 rows=42 width=8) (actual time=100.718..100.718 rows=0 loops=3)
                          Join Filter: (c2_22.s = ANY (c0_22.p_3))
                          ->  Parallel Seq Scan on cs_6 c2_22  (cost=0.00..21145.17 rows=1327 width=4) (actual time=100.716..100.716 rows=0 loops=3)
                                Filter: (4 = ANY (p_0))
                                Rows Removed by Filter: 212344
                          ->  Seq Scan on cs_7 c0_22  (cost=0.00..72.16 rows=2007 width=29) (never executed)
                                Filter: (7 = ANY (p_0))
                    ->  Seq Scan on cs_2 c1_22  (cost=0.00..10231.78 rows=196568 width=54) (never executed)
                          Filter: (1996 = ANY (p_0))
        ->  Nested Loop  (cost=0.28..91700.52 rows=485 width=12) (actual time=132.677..132.677 rows=0 loops=1)
              Join Filter: (c2_23.s = ANY (c0_23.p_3))
              ->  Nested Loop  (cost=0.00..59445.96 rows=9772 width=33) (actual time=132.676..132.676 rows=0 loops=1)
                    Join Filter: (c2_23.s = ANY (c1_23.p_5))
                    ->  Seq Scan on cs_2 c1_23  (cost=0.00..10231.78 rows=196568 width=54) (actual time=0.025..91.979 rows=196568 loops=1)
                          Filter: (1996 = ANY (p_0))
                    ->  Materialize  (cost=0.00..72.21 rows=10 width=4) (actual time=0.000..0.000 rows=0 loops=196568)
                          ->  Seq Scan on cs_7 c2_23  (cost=0.00..72.16 rows=10 width=4) (actual time=0.631..0.631 rows=0 loops=1)
                                Filter: (4 = ANY (p_0))
                                Rows Removed by Filter: 2007
              ->  Index Scan using cs_7_s on cs_7 c0_23  (cost=0.28..3.08 rows=10 width=29) (never executed)
                    Index Cond: (s = ANY (c1_23.p_13))
                    Filter: (7 = ANY (p_0))
        ->  Gather  (cost=1000.70..163720.16 rows=1 width=12) (actual time=9.087..169.380 rows=64 loops=1)
              Workers Planned: 1
              Workers Launched: 1
              ->  Nested Loop  (cost=0.70..162720.06 rows=1 width=12) (actual time=3.523..138.029 rows=32 loops=2)
                    Join Filter: (c2_24.s = ANY (c0_24.p_3))
                    Rows Removed by Join Filter: 27965
                    ->  Nested Loop  (cost=0.42..157862.08 rows=1471 width=33) (actual time=0.063..82.347 rows=27997 loops=2)
                          ->  Parallel Seq Scan on cs_5 c1_24  (cost=0.00..2608.10 rows=32938 width=54) (actual time=0.027..12.696 rows=27997 loops=2)
                                Filter: (1996 = ANY (p_0))
                          ->  Index Scan using cs_0_s on cs_0 c2_24  (cost=0.42..4.70 rows=1 width=4) (actual time=0.002..0.002 rows=1 loops=55994)
                                Index Cond: (s = ANY (c1_24.p_5))
                                Filter: (4 = ANY (p_0))
                    ->  Index Scan using cs_7_s on cs_7 c0_24  (cost=0.28..3.08 rows=10 width=29) (actual time=0.001..0.001 rows=1 loops=55994)
                          Index Cond: (s = ANY (c1_24.p_13))
                          Filter: (7 = ANY (p_0))
        ->  Nested Loop  (cost=1000.00..430607.34 rows=1 width=12) (actual time=118.647..118.647 rows=0 loops=1)
              Join Filter: ((c0_25.s = ANY (c1_25.p_13)) AND (c2_25.s = ANY (c1_25.p_5)))
              ->  Seq Scan on cs_5 c1_25  (cost=0.00..3126.86 rows=55994 width=54) (actual time=0.031..11.723 rows=55994 loops=1)
                    Filter: (1996 = ANY (p_0))
              ->  Materialize  (cost=1000.00..217503.22 rows=100 width=8) (actual time=0.002..0.002 rows=0 loops=55994)
                    ->  Gather  (cost=1000.00..217502.72 rows=100 width=8) (actual time=101.149..101.183 rows=0 loops=1)
                          Workers Planned: 2
                          Workers Launched: 2
                          ->  Nested Loop  (cost=0.00..216492.72 rows=42 width=8) (actual time=64.156..64.156 rows=0 loops=3)
                                Join Filter: (c2_25.s = ANY (c0_25.p_3))
                                ->  Parallel Seq Scan on cs_1 c2_25  (cost=0.00..18816.95 rows=1685 width=4) (actual time=64.155..64.155 rows=0 loops=3)
                                      Filter: (4 = ANY (p_0))
                                      Rows Removed by Filter: 269580
                                ->  Seq Scan on cs_7 c0_25  (cost=0.00..72.16 rows=2007 width=29) (never executed)
                                      Filter: (7 = ANY (p_0))
        ->  Gather  (cost=1000.70..172541.48 rows=1 width=12) (actual time=76.146..76.176 rows=0 loops=1)
              Workers Planned: 1
              Workers Launched: 1
              ->  Nested Loop  (cost=0.70..171541.38 rows=1 width=12) (actual time=54.780..54.780 rows=0 loops=2)
                    Join Filter: (c2_26.s = ANY (c0_26.p_3))
                    ->  Nested Loop  (cost=0.42..166102.17 rows=1647 width=33) (actual time=54.779..54.779 rows=0 loops=2)
                          ->  Parallel Seq Scan on cs_5 c1_26  (cost=0.00..2608.10 rows=32938 width=54) (actual time=0.029..9.098 rows=27997 loops=2)
                                Filter: (1996 = ANY (p_0))
                          ->  Index Scan using cs_2_s on cs_2 c2_26  (cost=0.42..4.95 rows=1 width=4) (actual time=0.001..0.001 rows=0 loops=55994)
                                Index Cond: (s = ANY (c1_26.p_5))
                                Filter: (4 = ANY (p_0))
                    ->  Index Scan using cs_7_s on cs_7 c0_26  (cost=0.28..3.08 rows=10 width=29) (never executed)
                          Index Cond: (s = ANY (c1_26.p_13))
                          Filter: (7 = ANY (p_0))
        ->  Nested Loop  (cost=0.00..261082.78 rows=2 width=12) (actual time=24.017..24.017 rows=0 loops=1)
              Join Filter: ((c0_27.s = ANY (c1_27.p_13)) AND (c2_27.s = ANY (c1_27.p_5)))
              ->  Nested Loop  (cost=0.00..47838.43 rows=100 width=8) (actual time=24.017..24.017 rows=0 loops=1)
                    Join Filter: (c2_27.s = ANY (c0_27.p_3))
                    ->  Seq Scan on cs_3 c2_27  (cost=0.00..7872.13 rows=795 width=4) (actual time=24.016..24.016 rows=0 loops=1)
                          Filter: (4 = ANY (p_0))
                          Rows Removed by Filter: 158939
                    ->  Materialize  (cost=0.00..82.19 rows=2007 width=29) (never executed)
                          ->  Seq Scan on cs_7 c0_27  (cost=0.00..72.16 rows=2007 width=29) (never executed)
                                Filter: (7 = ANY (p_0))
              ->  Materialize  (cost=0.00..3406.84 rows=55994 width=54) (never executed)
                    ->  Seq Scan on cs_5 c1_27  (cost=0.00..3126.86 rows=55994 width=54) (never executed)
                          Filter: (1996 = ANY (p_0))
        ->  Gather  (cost=1000.57..123179.55 rows=3 width=12) (actual time=78.422..78.462 rows=0 loops=1)
              Workers Planned: 1
              Workers Launched: 1
              ->  Nested Loop  (cost=0.57..122179.25 rows=2 width=12) (actual time=57.776..57.776 rows=0 loops=2)
                    Join Filter: (c2_28.s = ANY (c0_28.p_3))
                    ->  Nested Loop  (cost=0.29..116736.73 rows=1648 width=33) (actual time=57.776..57.776 rows=0 loops=2)
                          ->  Parallel Seq Scan on cs_5 c1_28  (cost=0.00..2608.10 rows=32938 width=54) (actual time=0.028..10.906 rows=27997 loops=2)
                                Filter: (1996 = ANY (p_0))
                          ->  Index Scan using cs_4_s on cs_4 c2_28  (cost=0.29..3.45 rows=1 width=4) (actual time=0.001..0.001 rows=0 loops=55994)
                                Index Cond: (s = ANY (c1_28.p_5))
                                Filter: (4 = ANY (p_0))
                    ->  Index Scan using cs_7_s on cs_7 c0_28  (cost=0.28..3.08 rows=10 width=29) (never executed)
                          Index Cond: (s = ANY (c1_28.p_13))
                          Filter: (7 = ANY (p_0))
        ->  Gather  (cost=1000.57..119536.49 rows=5 width=12) (actual time=66.938..67.181 rows=0 loops=1)
              Workers Planned: 1
              Workers Launched: 1
              ->  Nested Loop  (cost=0.57..118535.99 rows=3 width=12) (actual time=46.561..46.561 rows=0 loops=2)
                    Join Filter: (c2_29.s = ANY (c0_29.p_3))
                    ->  Nested Loop  (cost=0.29..113096.78 rows=1647 width=33) (actual time=46.560..46.560 rows=0 loops=2)
                          ->  Parallel Seq Scan on cs_5 c1_29  (cost=0.00..2608.10 rows=32938 width=54) (actual time=0.022..9.032 rows=27997 loops=2)
                                Filter: (1996 = ANY (p_0))
                          ->  Index Scan using cs_5_s on cs_5 c2_29  (cost=0.29..3.34 rows=1 width=4) (actual time=0.001..0.001 rows=0 loops=55994)
                                Index Cond: (s = ANY (c1_29.p_5))
                                Filter: (4 = ANY (p_0))
                    ->  Index Scan using cs_7_s on cs_7 c0_29  (cost=0.28..3.08 rows=10 width=29) (never executed)
                          Index Cond: (s = ANY (c1_29.p_13))
                          Filter: (7 = ANY (p_0))
        ->  Nested Loop  (cost=1000.00..390936.79 rows=1 width=12) (actual time=119.408..119.408 rows=0 loops=1)
              Join Filter: ((c0_30.s = ANY (c1_30.p_13)) AND (c2_30.s = ANY (c1_30.p_5)))
              ->  Seq Scan on cs_5 c1_30  (cost=0.00..3126.86 rows=55994 width=54) (actual time=0.020..13.218 rows=55994 loops=1)
                    Filter: (1996 = ANY (p_0))
              ->  Materialize  (cost=1000.00..177832.67 rows=100 width=8) (actual time=0.002..0.002 rows=0 loops=55994)
                    ->  Gather  (cost=1000.00..177832.17 rows=100 width=8) (actual time=99.441..99.477 rows=0 loops=1)
                          Workers Planned: 2
                          Workers Launched: 2
                          ->  Nested Loop  (cost=0.00..176822.17 rows=42 width=8) (actual time=62.113..62.114 rows=0 loops=3)
                                Join Filter: (c2_30.s = ANY (c0_30.p_3))
                                ->  Parallel Seq Scan on cs_6 c2_30  (cost=0.00..21145.17 rows=1327 width=4) (actual time=62.112..62.112 rows=0 loops=3)
                                      Filter: (4 = ANY (p_0))
                                      Rows Removed by Filter: 212344
                                ->  Seq Scan on cs_7 c0_30  (cost=0.00..72.16 rows=2007 width=29) (never executed)
                                      Filter: (7 = ANY (p_0))
        ->  Nested Loop  (cost=0.28..26391.71 rows=138 width=12) (actual time=18.506..18.506 rows=0 loops=1)
              Join Filter: (c2_31.s = ANY (c0_31.p_3))
              ->  Nested Loop  (cost=0.00..17197.55 rows=2784 width=33) (actual time=18.506..18.506 rows=0 loops=1)
                    Join Filter: (c2_31.s = ANY (c1_31.p_5))
                    ->  Seq Scan on cs_5 c1_31  (cost=0.00..3126.86 rows=55994 width=54) (actual time=0.021..12.092 rows=55994 loops=1)
                          Filter: (1996 = ANY (p_0))
                    ->  Materialize  (cost=0.00..72.21 rows=10 width=4) (actual time=0.000..0.000 rows=0 loops=55994)
                          ->  Seq Scan on cs_7 c2_31  (cost=0.00..72.16 rows=10 width=4) (actual time=0.251..0.251 rows=0 loops=1)
                                Filter: (4 = ANY (p_0))
                                Rows Removed by Filter: 2007
              ->  Index Scan using cs_7_s on cs_7 c0_31  (cost=0.28..3.08 rows=10 width=29) (never executed)
                    Index Cond: (s = ANY (c1_31.p_13))
                    Filter: (7 = ANY (p_0))
Planning Time: 28.358 ms
Execution Time: 3349.278 ms

Q2SPARQL:	PREFIX rdf: <http://www.w3.org/1999/02/22-rdf-syntax-ns#> PREFIX ub: <http://swat.cse.lehigh.edu/onto/univ-bench.owl#> SELECT DISTINCT ?X ?Y ?Z WHERE {?X rdf:type ub:GraduateStudent .?Y rdf:type ub:University . ?Z rdf:type ub:Department .?X ub:memberOf ?Z . ?Z ub:subOrganizationOf ?Y .?X ub:undergraduateDegreeFrom ?Y}
Q2:	PlanTime	28.358ms	ExecTime	3349.278ms	TotalTime	3377.636ms



Syntax of original query:	PREFIX rdf: <http://www.w3.org/1999/02/22-rdf-syntax-ns#> PREFIX ub: <http://swat.cse.lehigh.edu/onto/univ-bench.owl#> SELECT ?X ?Y ?Y1 ?Y2 ?Y3 WHERE {?X rdf:type ub:AssistantProfessor . ?X ub:worksFor ?Y . ?X ub:name ?Y1 . ?X ub:emailAddress ?Y2 . ?X ub:telephone ?Y3 . ?Y rdf:type ub:Department}
Syntax of SQL:	 SELECT c0.s, c0.p_2, c0.p_9, c0.p_10, c1.s FROM cs_4 AS c0  INNER JOIN cs_0 AS c1 ON c1.s = ANY(c0.p_8)  WHERE 249 = ANY(c0.p_0) AND c0.p_2 IS NOT NULL    AND c0.p_9 IS NOT NULL  AND c0.p_10 IS NOT NULL  AND 7 = ANY(c1.p_0) UNION  SELECT c0.s, c0.p_2, c0.p_9, c0.p_10, c1.s FROM cs_4 AS c0  INNER JOIN cs_1 AS c1 ON c1.s = ANY(c0.p_8)  WHERE 249 = ANY(c0.p_0) AND c0.p_2 IS NOT NULL    AND c0.p_9 IS NOT NULL  AND c0.p_10 IS NOT NULL  AND 7 = ANY(c1.p_0) UNION  SELECT c0.s, c0.p_2, c0.p_9, c0.p_10, c1.s FROM cs_4 AS c0  INNER JOIN cs_2 AS c1 ON c1.s = ANY(c0.p_8)  WHERE 249 = ANY(c0.p_0) AND c0.p_2 IS NOT NULL    AND c0.p_9 IS NOT NULL  AND c0.p_10 IS NOT NULL  AND 7 = ANY(c1.p_0) UNION  SELECT c0.s, c0.p_2, c0.p_9, c0.p_10, c1.s FROM cs_4 AS c0  INNER JOIN cs_3 AS c1 ON c1.s = ANY(c0.p_8)  WHERE 249 = ANY(c0.p_0) AND c0.p_2 IS NOT NULL    AND c0.p_9 IS NOT NULL  AND c0.p_10 IS NOT NULL  AND 7 = ANY(c1.p_0) UNION  SELECT c0.s, c0.p_2, c0.p_9, c0.p_10, c1.s FROM cs_4 AS c0  INNER JOIN cs_4 AS c1 ON c1.s = ANY(c0.p_8)  WHERE 249 = ANY(c0.p_0) AND c0.p_2 IS NOT NULL    AND c0.p_9 IS NOT NULL  AND c0.p_10 IS NOT NULL  AND 7 = ANY(c1.p_0) UNION  SELECT c0.s, c0.p_2, c0.p_9, c0.p_10, c1.s FROM cs_4 AS c0  INNER JOIN cs_5 AS c1 ON c1.s = ANY(c0.p_8)  WHERE 249 = ANY(c0.p_0) AND c0.p_2 IS NOT NULL    AND c0.p_9 IS NOT NULL  AND c0.p_10 IS NOT NULL  AND 7 = ANY(c1.p_0) UNION  SELECT c0.s, c0.p_2, c0.p_9, c0.p_10, c1.s FROM cs_4 AS c0  INNER JOIN cs_6 AS c1 ON c1.s = ANY(c0.p_8)  WHERE 249 = ANY(c0.p_0) AND c0.p_2 IS NOT NULL    AND c0.p_9 IS NOT NULL  AND c0.p_10 IS NOT NULL  AND 7 = ANY(c1.p_0) UNION  SELECT c0.s, c0.p_2, c0.p_9, c0.p_10, c1.s FROM cs_4 AS c0  INNER JOIN cs_7 AS c1 ON c1.s = ANY(c0.p_8)  WHERE 249 = ANY(c0.p_0) AND c0.p_2 IS NOT NULL    AND c0.p_9 IS NOT NULL  AND c0.p_10 IS NOT NULL  AND 7 = ANY(c1.p_0)
Start Q3 execution plan
HashAggregate  (cost=1515130.05..1515803.67 rows=67362 width=104) (actual time=675.563..679.939 rows=19088 loops=1)
  Group Key: c0.s, c0.p_2, c0.p_9, c0.p_10, c1.s
  ->  Append  (cost=1000.42..1514288.03 rows=67362 width=104) (actual time=613.263..663.187 rows=19088 loops=1)
        ->  Gather  (cost=1000.42..29359.48 rows=146 width=83) (actual time=86.966..87.020 rows=0 loops=1)
              Workers Planned: 1
              Workers Launched: 1
              ->  Nested Loop  (cost=0.42..28344.88 rows=86 width=83) (actual time=62.083..62.083 rows=0 loops=2)
                    ->  Parallel Seq Scan on cs_4 c0  (cost=0.00..4291.49 rows=3847 width=104) (actual time=0.060..25.034 rows=9544 loops=2)
                          Filter: ((p_2 IS NOT NULL) AND (p_9 IS NOT NULL) AND (p_10 IS NOT NULL) AND (249 = ANY (p_0)))
                          Rows Removed by Filter: 41626
                    ->  Index Scan using cs_0_s on cs_0 c1  (cost=0.42..6.24 rows=1 width=4) (actual time=0.003..0.003 rows=0 loops=19088)
                          Index Cond: (s = ANY (c0.p_8))
                          Filter: (7 = ANY (p_0))
        ->  Nested Loop  (cost=1000.00..686665.08 rows=327 width=83) (actual time=148.063..148.063 rows=0 loops=1)
              Join Filter: (c1_1.s = ANY (c0_1.p_8))
              ->  Seq Scan on cs_4 c0_1  (cost=0.00..5239.63 rows=6540 width=104) (actual time=0.034..28.120 rows=19088 loops=1)
                    Filter: ((p_2 IS NOT NULL) AND (p_9 IS NOT NULL) AND (p_10 IS NOT NULL) AND (249 = ANY (p_0)))
                    Rows Removed by Filter: 83251
              ->  Materialize  (cost=1000.00..20241.57 rows=4044 width=4) (actual time=0.006..0.006 rows=0 loops=19088)
                    ->  Gather  (cost=1000.00..20221.35 rows=4044 width=4) (actual time=117.530..117.558 rows=0 loops=1)
                          Workers Planned: 2
                          Workers Launched: 2
                          ->  Parallel Seq Scan on cs_1 c1_1  (cost=0.00..18816.95 rows=1685 width=4) (actual time=77.442..77.442 rows=0 loops=3)
                                Filter: (7 = ANY (p_0))
                                Rows Removed by Filter: 269580
        ->  Gather  (cost=1000.42..33796.34 rows=327 width=83) (actual time=58.886..58.907 rows=0 loops=1)
              Workers Planned: 1
              Workers Launched: 1
              ->  Nested Loop  (cost=0.42..32763.64 rows=192 width=83) (actual time=37.840..37.840 rows=0 loops=2)
                    ->  Parallel Seq Scan on cs_4 c0_2  (cost=0.00..4291.49 rows=3847 width=104) (actual time=0.025..15.771 rows=9544 loops=2)
                          Filter: ((p_2 IS NOT NULL) AND (p_9 IS NOT NULL) AND (p_10 IS NOT NULL) AND (249 = ANY (p_0)))
                          Rows Removed by Filter: 41626
                    ->  Index Scan using cs_2_s on cs_2 c1_2  (cost=0.42..7.39 rows=1 width=4) (actual time=0.002..0.002 rows=0 loops=19088)
                          Index Cond: (s = ANY (c0_2.p_8))
                          Filter: (7 = ANY (p_0))
        ->  Nested Loop  (cost=0.00..143110.61 rows=327 width=83) (actual time=39.838..39.838 rows=0 loops=1)
              Join Filter: (c1_3.s = ANY (c0_3.p_8))
              ->  Seq Scan on cs_3 c1_3  (cost=0.00..7872.13 rows=795 width=4) (actual time=39.837..39.837 rows=0 loops=1)
                    Filter: (7 = ANY (p_0))
                    Rows Removed by Filter: 158939
              ->  Materialize  (cost=0.00..5272.33 rows=6540 width=104) (never executed)
                    ->  Seq Scan on cs_4 c0_3  (cost=0.00..5239.63 rows=6540 width=104) (never executed)
                          Filter: ((p_2 IS NOT NULL) AND (p_9 IS NOT NULL) AND (p_10 IS NOT NULL) AND (249 = ANY (p_0)))
        ->  Gather  (cost=1000.29..25343.23 rows=327 width=83) (actual time=64.434..64.453 rows=0 loops=1)
              Workers Planned: 1
              Workers Launched: 1
              ->  Nested Loop  (cost=0.29..24310.53 rows=192 width=83) (actual time=43.949..43.949 rows=0 loops=2)
                    ->  Parallel Seq Scan on cs_4 c0_4  (cost=0.00..4291.49 rows=3847 width=104) (actual time=0.031..19.183 rows=9544 loops=2)
                          Filter: ((p_2 IS NOT NULL) AND (p_9 IS NOT NULL) AND (p_10 IS NOT NULL) AND (249 = ANY (p_0)))
                          Rows Removed by Filter: 41626
                    ->  Index Scan using cs_4_s on cs_4 c1_4  (cost=0.29..5.19 rows=1 width=4) (actual time=0.002..0.002 rows=0 loops=19088)
                          Index Cond: (s = ANY (c0_4.p_8))
                          Filter: (7 = ANY (p_0))
        ->  Gather  (cost=1000.29..22430.63 rows=327 width=83) (actual time=51.491..51.509 rows=0 loops=1)
              Workers Planned: 1
              Workers Launched: 1
              ->  Nested Loop  (cost=0.29..21397.93 rows=192 width=83) (actual time=29.302..29.302 rows=0 loops=2)
                    ->  Parallel Seq Scan on cs_4 c0_5  (cost=0.00..4291.49 rows=3847 width=104) (actual time=0.046..14.225 rows=9544 loops=2)
                          Filter: ((p_2 IS NOT NULL) AND (p_9 IS NOT NULL) AND (p_10 IS NOT NULL) AND (249 = ANY (p_0)))
                          Rows Removed by Filter: 41626
                    ->  Index Scan using cs_5_s on cs_5 c1_5  (cost=0.29..4.44 rows=1 width=4) (actual time=0.001..0.001 rows=0 loops=19088)
                          Index Cond: (s = ANY (c0_5.p_8))
                          Filter: (7 = ANY (p_0))
        ->  Nested Loop  (cost=1000.00..548458.76 rows=327 width=83) (actual time=163.035..163.035 rows=0 loops=1)
              Join Filter: (c1_6.s = ANY (c0_6.p_8))
              ->  Seq Scan on cs_4 c0_6  (cost=0.00..5239.63 rows=6540 width=104) (actual time=0.022..31.595 rows=19088 loops=1)
                    Filter: ((p_2 IS NOT NULL) AND (p_9 IS NOT NULL) AND (p_10 IS NOT NULL) AND (249 = ANY (p_0)))
                    Rows Removed by Filter: 83251
              ->  Materialize  (cost=1000.00..22479.59 rows=3185 width=4) (actual time=0.007..0.007 rows=0 loops=19088)
                    ->  Gather  (cost=1000.00..22463.67 rows=3185 width=4) (actual time=128.808..128.828 rows=0 loops=1)
                          Workers Planned: 2
                          Workers Launched: 2
                          ->  Parallel Seq Scan on cs_6 c1_6  (cost=0.00..21145.17 rows=1327 width=4) (actual time=94.965..94.965 rows=0 loops=3)
                                Filter: (7 = ANY (p_0))
                                Rows Removed by Filter: 212344
        ->  Gather  (cost=1000.28..24113.46 rows=65254 width=83) (actual time=0.540..63.990 rows=19088 loops=1)
              Workers Planned: 1
              Workers Launched: 1
              ->  Nested Loop  (cost=0.28..16588.06 rows=38385 width=83) (actual time=0.062..33.433 rows=9544 loops=2)
                    ->  Parallel Seq Scan on cs_4 c0_7  (cost=0.00..4291.49 rows=3847 width=104) (actual time=0.027..15.292 rows=9544 loops=2)
                          Filter: ((p_2 IS NOT NULL) AND (p_9 IS NOT NULL) AND (p_10 IS NOT NULL) AND (249 = ANY (p_0)))
                          Rows Removed by Filter: 41626
                    ->  Index Scan using cs_7_s on cs_7 c1_7  (cost=0.28..3.10 rows=10 width=4) (actual time=0.001..0.001 rows=1 loops=19088)
                          Index Cond: (s = ANY (c0_7.p_8))
                          Filter: (7 = ANY (p_0))
Planning Time: 15.343 ms
Execution Time: 698.106 ms

Q3SPARQL:	PREFIX rdf: <http://www.w3.org/1999/02/22-rdf-syntax-ns#> PREFIX ub: <http://swat.cse.lehigh.edu/onto/univ-bench.owl#> SELECT ?X ?Y ?Y1 ?Y2 ?Y3 WHERE {?X rdf:type ub:AssistantProfessor . ?X ub:worksFor ?Y . ?X ub:name ?Y1 . ?X ub:emailAddress ?Y2 . ?X ub:telephone ?Y3 . ?Y rdf:type ub:Department}
Q3:	PlanTime	15.343ms	ExecTime	698.106ms	TotalTime	713.44904ms



Syntax of original query:	PREFIX rdf: <http://www.w3.org/1999/02/22-rdf-syntax-ns#> PREFIX ub: <http://swat.cse.lehigh.edu/onto/univ-bench.owl#> SELECT ?X ?Y  WHERE {?X rdf:type ub:ResearchGroup . ?X ub:subOrganizationOf ?Y .?Y rdf:type ub:Department. }
Syntax of SQL:	 SELECT c0.s, c1.s FROM cs_4 AS c0  INNER JOIN cs_0 AS c1 ON c0.p_3 = c1.s  WHERE 2558 = ANY(c0.p_0) AND c0.p_3 IS NOT NULL  AND 7 = ANY(c1.p_0) UNION  SELECT c0.s, c1.s FROM cs_4 AS c0  INNER JOIN cs_1 AS c1 ON c0.p_3 = c1.s  WHERE 2558 = ANY(c0.p_0) AND c0.p_3 IS NOT NULL  AND 7 = ANY(c1.p_0) UNION  SELECT c0.s, c1.s FROM cs_4 AS c0  INNER JOIN cs_2 AS c1 ON c0.p_3 = c1.s  WHERE 2558 = ANY(c0.p_0) AND c0.p_3 IS NOT NULL  AND 7 = ANY(c1.p_0) UNION  SELECT c0.s, c1.s FROM cs_4 AS c0  INNER JOIN cs_3 AS c1 ON c0.p_3 = c1.s  WHERE 2558 = ANY(c0.p_0) AND c0.p_3 IS NOT NULL  AND 7 = ANY(c1.p_0) UNION  SELECT c0.s, c1.s FROM cs_4 AS c0  INNER JOIN cs_4 AS c1 ON c0.p_3 = c1.s  WHERE 2558 = ANY(c0.p_0) AND c0.p_3 IS NOT NULL  AND 7 = ANY(c1.p_0) UNION  SELECT c0.s, c1.s FROM cs_4 AS c0  INNER JOIN cs_5 AS c1 ON c0.p_3 = c1.s  WHERE 2558 = ANY(c0.p_0) AND c0.p_3 IS NOT NULL  AND 7 = ANY(c1.p_0) UNION  SELECT c0.s, c1.s FROM cs_4 AS c0  INNER JOIN cs_6 AS c1 ON c0.p_3 = c1.s  WHERE 2558 = ANY(c0.p_0) AND c0.p_3 IS NOT NULL  AND 7 = ANY(c1.p_0) UNION  SELECT c0.s, c1.s FROM cs_4 AS c0  INNER JOIN cs_7 AS c1 ON c0.p_3 = c1.s  WHERE 2558 = ANY(c0.p_0) AND c0.p_3 IS NOT NULL  AND 7 = ANY(c1.p_0) UNION  SELECT c0.s, c1.s FROM cs_7 AS c0  INNER JOIN cs_0 AS c1 ON c1.s = ANY(c0.p_3)  WHERE 2558 = ANY(c0.p_0)   AND 7 = ANY(c1.p_0) UNION  SELECT c0.s, c1.s FROM cs_7 AS c0  INNER JOIN cs_1 AS c1 ON c1.s = ANY(c0.p_3)  WHERE 2558 = ANY(c0.p_0)   AND 7 = ANY(c1.p_0) UNION  SELECT c0.s, c1.s FROM cs_7 AS c0  INNER JOIN cs_2 AS c1 ON c1.s = ANY(c0.p_3)  WHERE 2558 = ANY(c0.p_0)   AND 7 = ANY(c1.p_0) UNION  SELECT c0.s, c1.s FROM cs_7 AS c0  INNER JOIN cs_3 AS c1 ON c1.s = ANY(c0.p_3)  WHERE 2558 = ANY(c0.p_0)   AND 7 = ANY(c1.p_0) UNION  SELECT c0.s, c1.s FROM cs_7 AS c0  INNER JOIN cs_4 AS c1 ON c1.s = ANY(c0.p_3)  WHERE 2558 = ANY(c0.p_0)   AND 7 = ANY(c1.p_0) UNION  SELECT c0.s, c1.s FROM cs_7 AS c0  INNER JOIN cs_5 AS c1 ON c1.s = ANY(c0.p_3)  WHERE 2558 = ANY(c0.p_0)   AND 7 = ANY(c1.p_0) UNION  SELECT c0.s, c1.s FROM cs_7 AS c0  INNER JOIN cs_6 AS c1 ON c1.s = ANY(c0.p_3)  WHERE 2558 = ANY(c0.p_0)   AND 7 = ANY(c1.p_0) UNION  SELECT c0.s, c1.s FROM cs_7 AS c0  INNER JOIN cs_7 AS c1 ON c1.s = ANY(c0.p_3)  WHERE 2558 = ANY(c0.p_0)   AND 7 = ANY(c1.p_0)
Start Q4 execution plan
HashAggregate  (cost=162063.37..162091.36 rows=2799 width=8) (actual time=795.937..804.138 rows=30036 loops=1)
  Group Key: c0.s, c1.s
  ->  Append  (cost=6137.83..162049.38 rows=2799 width=8) (actual time=492.272..785.565 rows=30036 loops=1)
        ->  Gather  (cost=6137.83..10449.48 rows=6 width=8) (actual time=47.005..47.156 rows=0 loops=1)
              Workers Planned: 1
              Workers Launched: 1
              ->  Parallel Hash Join  (cost=5137.83..9448.88 rows=4 width=8) (actual time=25.027..25.029 rows=0 loops=2)
                    Hash Cond: (c0.p_3 = c1.s)
                    ->  Parallel Seq Scan on cs_4 c0  (cost=0.00..4291.49 rows=5213 width=8) (never executed)
                          Filter: ((p_3 IS NOT NULL) AND (2558 = ANY (p_0)))
                    ->  Parallel Hash  (cost=5134.25..5134.25 rows=286 width=4) (actual time=24.772..24.773 rows=0 loops=2)
                          Buckets: 1024  Batches: 1  Memory Usage: 0kB
                          ->  Parallel Seq Scan on cs_0 c1  (cost=0.00..5134.25 rows=286 width=4) (actual time=24.744..24.744 rows=0 loops=2)
                                Filter: (7 = ANY (p_0))
                                Rows Removed by Filter: 109074
        ->  Gather  (cost=19838.01..24150.37 rows=13 width=8) (actual time=130.412..130.502 rows=0 loops=1)
              Workers Planned: 1
              Workers Launched: 1
              ->  Parallel Hash Join  (cost=18838.01..23149.07 rows=8 width=8) (actual time=108.369..108.370 rows=0 loops=2)
                    Hash Cond: (c0_1.p_3 = c1_1.s)
                    ->  Parallel Seq Scan on cs_4 c0_1  (cost=0.00..4291.49 rows=5213 width=8) (never executed)
                          Filter: ((p_3 IS NOT NULL) AND (2558 = ANY (p_0)))
                    ->  Parallel Hash  (cost=18816.95..18816.95 rows=1685 width=4) (actual time=108.184..108.185 rows=0 loops=2)
                          Buckets: 4096  Batches: 1  Memory Usage: 0kB
                          ->  Parallel Seq Scan on cs_1 c1_1  (cost=0.00..18816.95 rows=1685 width=4) (actual time=108.165..108.165 rows=0 loops=2)
                                Filter: (7 = ANY (p_0))
                                Rows Removed by Filter: 404371
        ->  Gather  (cost=8656.95..12969.32 rows=13 width=8) (actual time=51.566..51.641 rows=0 loops=1)
              Workers Planned: 1
              Workers Launched: 1
              ->  Parallel Hash Join  (cost=7656.95..11968.02 rows=8 width=8) (actual time=30.532..30.533 rows=0 loops=2)
                    Hash Cond: (c0_2.p_3 = c1_2.s)
                    ->  Parallel Seq Scan on cs_4 c0_2  (cost=0.00..4291.49 rows=5213 width=8) (never executed)
                          Filter: ((p_3 IS NOT NULL) AND (2558 = ANY (p_0)))
                    ->  Parallel Hash  (cost=7651.82..7651.82 rows=410 width=4) (actual time=30.295..30.296 rows=0 loops=2)
                          Buckets: 1024  Batches: 1  Memory Usage: 0kB
                          ->  Parallel Seq Scan on cs_2 c1_2  (cost=0.00..7651.82 rows=410 width=4) (actual time=30.268..30.268 rows=0 loops=2)
                                Filter: (7 = ANY (p_0))
                                Rows Removed by Filter: 98284
        ->  Gather  (cost=6790.19..11102.56 rows=13 width=8) (actual time=40.746..40.821 rows=0 loops=1)
              Workers Planned: 1
              Workers Launched: 1
              ->  Parallel Hash Join  (cost=5790.19..10101.26 rows=8 width=8) (actual time=20.976..20.977 rows=0 loops=2)
                    Hash Cond: (c0_3.p_3 = c1_3.s)
                    ->  Parallel Seq Scan on cs_4 c0_3  (cost=0.00..4291.49 rows=5213 width=8) (never executed)
                          Filter: ((p_3 IS NOT NULL) AND (2558 = ANY (p_0)))
                    ->  Parallel Hash  (cost=5786.05..5786.05 rows=331 width=4) (actual time=20.815..20.815 rows=0 loops=2)
                          Buckets: 1024  Batches: 1  Memory Usage: 0kB
                          ->  Parallel Seq Scan on cs_3 c1_3  (cost=0.00..5786.05 rows=331 width=4) (actual time=20.790..20.790 rows=0 loops=2)
                                Filter: (7 = ANY (p_0))
                                Rows Removed by Filter: 79470
        ->  Gather  (cost=5295.25..9607.63 rows=13 width=8) (actual time=40.917..40.990 rows=0 loops=1)
              Workers Planned: 1
              Workers Launched: 1
              ->  Parallel Hash Join  (cost=4295.25..8606.33 rows=8 width=8) (actual time=16.527..16.527 rows=0 loops=2)
                    Hash Cond: (c0_4.p_3 = c1_4.s)
                    ->  Parallel Seq Scan on cs_4 c0_4  (cost=0.00..4291.49 rows=5213 width=8) (never executed)
                          Filter: ((p_3 IS NOT NULL) AND (2558 = ANY (p_0)))
                    ->  Parallel Hash  (cost=4291.49..4291.49 rows=301 width=4) (actual time=16.367..16.367 rows=0 loops=2)
                          Buckets: 1024  Batches: 1  Memory Usage: 0kB
                          ->  Parallel Seq Scan on cs_4 c1_4  (cost=0.00..4291.49 rows=301 width=4) (actual time=32.706..32.706 rows=0 loops=1)
                                Filter: (7 = ANY (p_0))
                                Rows Removed by Filter: 102339
        ->  Gather  (cost=3610.16..7922.55 rows=13 width=8) (actual time=40.594..40.667 rows=0 loops=1)
              Workers Planned: 1
              Workers Launched: 1
              ->  Parallel Hash Join  (cost=2610.16..6921.25 rows=8 width=8) (actual time=11.457..11.458 rows=0 loops=2)
                    Hash Cond: (c0_5.p_3 = c1_5.s)
                    ->  Parallel Seq Scan on cs_4 c0_5  (cost=0.00..4291.49 rows=5213 width=8) (never executed)
                          Filter: ((p_3 IS NOT NULL) AND (2558 = ANY (p_0)))
                    ->  Parallel Hash  (cost=2608.10..2608.10 rows=165 width=4) (actual time=11.300..11.300 rows=0 loops=2)
                          Buckets: 1024  Batches: 1  Memory Usage: 0kB
                          ->  Parallel Seq Scan on cs_5 c1_5  (cost=0.00..2608.10 rows=165 width=4) (actual time=22.572..22.572 rows=0 loops=1)
                                Filter: (7 = ANY (p_0))
                                Rows Removed by Filter: 55994
        ->  Gather  (cost=22161.75..26474.12 rows=13 width=8) (actual time=140.170..140.249 rows=0 loops=1)
              Workers Planned: 1
              Workers Launched: 1
              ->  Parallel Hash Join  (cost=21161.75..25472.82 rows=8 width=8) (actual time=119.569..119.569 rows=0 loops=2)
                    Hash Cond: (c0_6.p_3 = c1_6.s)
                    ->  Parallel Seq Scan on cs_4 c0_6  (cost=0.00..4291.49 rows=5213 width=8) (never executed)
                          Filter: ((p_3 IS NOT NULL) AND (2558 = ANY (p_0)))
                    ->  Parallel Hash  (cost=21145.17..21145.17 rows=1327 width=4) (actual time=119.324..119.324 rows=0 loops=2)
                          Buckets: 4096  Batches: 1  Memory Usage: 0kB
                          ->  Parallel Seq Scan on cs_6 c1_6  (cost=0.00..21145.17 rows=1327 width=4) (actual time=119.298..119.298 rows=0 loops=2)
                                Filter: (7 = ANY (p_0))
                                Rows Removed by Filter: 318516
        ->  Hash Join  (cost=97.25..5396.19 rows=2608 width=8) (actual time=0.847..23.955 rows=30036 loops=1)
              Hash Cond: (c0_7.p_3 = c1_7.s)
              ->  Seq Scan on cs_4 c0_7  (cost=0.00..5239.63 rows=8862 width=8) (actual time=0.032..16.694 rows=30036 loops=1)
                    Filter: ((p_3 IS NOT NULL) AND (2558 = ANY (p_0)))
                    Rows Removed by Filter: 72303
              ->  Hash  (cost=72.16..72.16 rows=2007 width=4) (actual time=0.799..0.799 rows=2007 loops=1)
                    Buckets: 2048  Batches: 1  Memory Usage: 87kB
                    ->  Seq Scan on cs_7 c1_7  (cost=0.00..72.16 rows=2007 width=4) (actual time=0.015..0.516 rows=2007 loops=1)
                          Filter: (7 = ANY (p_0))
        ->  Nested Loop  (cost=0.42..529.26 rows=1 width=8) (actual time=0.271..0.271 rows=0 loops=1)
              ->  Seq Scan on cs_7 c0_8  (cost=0.00..72.16 rows=10 width=29) (actual time=0.270..0.270 rows=0 loops=1)
                    Filter: (2558 = ANY (p_0))
                    Rows Removed by Filter: 2007
              ->  Index Scan using cs_0_s on cs_0 c1_8  (cost=0.42..45.70 rows=1 width=4) (never executed)
                    Index Cond: (s = ANY (c0_8.p_3))
                    Filter: (7 = ANY (p_0))
        ->  Nested Loop  (cost=1000.00..21304.53 rows=1 width=8) (actual time=105.245..105.245 rows=0 loops=1)
              Join Filter: (c1_9.s = ANY (c0_9.p_3))
              ->  Gather  (cost=1000.00..20221.35 rows=4044 width=4) (actual time=105.244..105.268 rows=0 loops=1)
                    Workers Planned: 2
                    Workers Launched: 2
                    ->  Parallel Seq Scan on cs_1 c1_9  (cost=0.00..18816.95 rows=1685 width=4) (actual time=71.541..71.541 rows=0 loops=3)
                          Filter: (7 = ANY (p_0))
                          Rows Removed by Filter: 269580
              ->  Materialize  (cost=0.00..72.21 rows=10 width=29) (never executed)
                    ->  Seq Scan on cs_7 c0_9  (cost=0.00..72.16 rows=10 width=29) (never executed)
                          Filter: (2558 = ANY (p_0))
        ->  Nested Loop  (cost=0.42..525.26 rows=1 width=8) (actual time=0.679..0.679 rows=0 loops=1)
              ->  Seq Scan on cs_7 c0_10  (cost=0.00..72.16 rows=10 width=29) (actual time=0.678..0.678 rows=0 loops=1)
                    Filter: (2558 = ANY (p_0))
                    Rows Removed by Filter: 2007
              ->  Index Scan using cs_2_s on cs_2 c1_10  (cost=0.42..45.30 rows=1 width=4) (never executed)
                    Index Cond: (s = ANY (c0_10.p_3))
                    Filter: (7 = ANY (p_0))
        ->  Nested Loop  (cost=1000.00..7136.49 rows=1 width=8) (actual time=56.410..56.410 rows=0 loops=1)
              Join Filter: (c1_11.s = ANY (c0_11.p_3))
              ->  Gather  (cost=1000.00..6865.55 rows=795 width=4) (actual time=56.410..56.433 rows=0 loops=1)
                    Workers Planned: 2
                    Workers Launched: 2
                    ->  Parallel Seq Scan on cs_3 c1_11  (cost=0.00..5786.05 rows=331 width=4) (actual time=16.933..16.933 rows=0 loops=3)
                          Filter: (7 = ANY (p_0))
                          Rows Removed by Filter: 52980
              ->  Materialize  (cost=0.00..72.21 rows=10 width=29) (never executed)
                    ->  Seq Scan on cs_7 c0_11  (cost=0.00..72.16 rows=10 width=29) (never executed)
                          Filter: (2558 = ANY (p_0))
        ->  Nested Loop  (cost=0.29..487.38 rows=1 width=8) (actual time=0.353..0.353 rows=0 loops=1)
              ->  Seq Scan on cs_7 c0_12  (cost=0.00..72.16 rows=10 width=29) (actual time=0.352..0.352 rows=0 loops=1)
                    Filter: (2558 = ANY (p_0))
                    Rows Removed by Filter: 2007
              ->  Index Scan using cs_4_s on cs_4 c1_12  (cost=0.29..41.51 rows=1 width=4) (never executed)
                    Index Cond: (s = ANY (c0_12.p_3))
                    Filter: (7 = ANY (p_0))
        ->  Nested Loop  (cost=0.29..448.26 rows=1 width=8) (actual time=0.307..0.307 rows=0 loops=1)
              ->  Seq Scan on cs_7 c0_13  (cost=0.00..72.16 rows=10 width=29) (actual time=0.306..0.306 rows=0 loops=1)
                    Filter: (2558 = ANY (p_0))
                    Rows Removed by Filter: 2007
              ->  Index Scan using cs_5_s on cs_5 c1_13  (cost=0.29..37.60 rows=1 width=4) (never executed)
                    Index Cond: (s = ANY (c0_13.p_3))
                    Filter: (7 = ANY (p_0))
        ->  Nested Loop  (cost=1000.00..23332.10 rows=1 width=8) (actual time=104.744..104.744 rows=0 loops=1)
              Join Filter: (c1_14.s = ANY (c0_14.p_3))
              ->  Gather  (cost=1000.00..22463.67 rows=3185 width=4) (actual time=104.743..104.765 rows=0 loops=1)
                    Workers Planned: 2
                    Workers Launched: 2
                    ->  Parallel Seq Scan on cs_6 c1_14  (cost=0.00..21145.17 rows=1327 width=4) (actual time=71.425..71.425 rows=0 loops=3)
                          Filter: (7 = ANY (p_0))
                          Rows Removed by Filter: 212344
              ->  Materialize  (cost=0.00..72.21 rows=10 width=29) (never executed)
                    ->  Seq Scan on cs_7 c0_14  (cost=0.00..72.16 rows=10 width=29) (never executed)
                          Filter: (2558 = ANY (p_0))
        ->  Nested Loop  (cost=0.28..171.91 rows=100 width=8) (actual time=0.727..0.727 rows=0 loops=1)
              ->  Seq Scan on cs_7 c0_15  (cost=0.00..72.16 rows=10 width=29) (actual time=0.726..0.726 rows=0 loops=1)
                    Filter: (2558 = ANY (p_0))
                    Rows Removed by Filter: 2007
              ->  Index Scan using cs_7_s on cs_7 c1_15  (cost=0.28..9.88 rows=10 width=4) (never executed)
                    Index Cond: (s = ANY (c0_15.p_3))
                    Filter: (7 = ANY (p_0))
Planning Time: 17.915 ms
Execution Time: 807.168 ms

Q4SPARQL:	PREFIX rdf: <http://www.w3.org/1999/02/22-rdf-syntax-ns#> PREFIX ub: <http://swat.cse.lehigh.edu/onto/univ-bench.owl#> SELECT ?X ?Y  WHERE {?X rdf:type ub:ResearchGroup . ?X ub:subOrganizationOf ?Y .?Y rdf:type ub:Department. }
Q4:	PlanTime	17.915ms	ExecTime	807.168ms	TotalTime	825.083ms



Syntax of original query:	PREFIX rdf: <http://www.w3.org/1999/02/22-rdf-syntax-ns#> PREFIX ub: <http://swat.cse.lehigh.edu/onto/univ-bench.owl#> SELECT DISTINCT ?s1 ?pub ?dept WHERE { ?s1 rdf:type ?studentType . ?s1 ub:memberOf ?dept . ?dept rdf:type ?deptType . ?dept ub:subOrganizationOf ?sub . ?pub rdf:type ?pubtype . ?pub ub:publicationAuthor ?s1 . }
Syntax of SQL:	 SELECT c0.s, c1.s, c2.s FROM cs_1 AS c0  INNER JOIN cs_2 AS c2 ON c2.s = ANY(c0.p_16)  INNER JOIN cs_4 AS c1 ON c1.s = ANY(c2.p_13)  WHERE c0.p_0 IS NOT NULL    AND c1.p_0 IS NOT NULL  AND c1.p_3 IS NOT NULL  AND c2.p_0 IS NOT NULL    UNION  SELECT c0.s, c1.s, c2.s FROM cs_1 AS c0  INNER JOIN cs_5 AS c2 ON c2.s = ANY(c0.p_16)  INNER JOIN cs_4 AS c1 ON c1.s = ANY(c2.p_13)  WHERE c0.p_0 IS NOT NULL    AND c1.p_0 IS NOT NULL  AND c1.p_3 IS NOT NULL  AND c2.p_0 IS NOT NULL    UNION  SELECT c0.s, c1.s, c2.s FROM cs_1 AS c0  INNER JOIN cs_2 AS c2 ON c2.s = ANY(c0.p_16)  INNER JOIN cs_7 AS c1 ON c1.s = ANY(c2.p_13)  WHERE c0.p_0 IS NOT NULL    AND c1.p_0 IS NOT NULL  AND c1.p_3 IS NOT NULL  AND c2.p_0 IS NOT NULL    UNION  SELECT c0.s, c1.s, c2.s FROM cs_1 AS c0  INNER JOIN cs_5 AS c2 ON c2.s = ANY(c0.p_16)  INNER JOIN cs_7 AS c1 ON c1.s = ANY(c2.p_13)  WHERE c0.p_0 IS NOT NULL    AND c1.p_0 IS NOT NULL  AND c1.p_3 IS NOT NULL  AND c2.p_0 IS NOT NULL   
Start Q5 execution plan
Unique  (cost=111521189.69..113610892.77 rows=208970308 width=12) (actual time=5869.123..6013.719 rows=633443 loops=1)
  ->  Sort  (cost=111521189.69..112043615.46 rows=208970308 width=12) (actual time=5869.122..5929.618 rows=633443 loops=1)
        Sort Key: c0.s, c1.s, c2.s
        Sort Method: external merge  Disk: 13648kB
        ->  Gather  (cost=1000.70..71929016.19 rows=208970308 width=12) (actual time=1.354..5560.150 rows=633443 loops=1)
              Workers Planned: 2
              Workers Launched: 2
              ->  Parallel Append  (cost=0.70..51030985.39 rows=208970308 width=12) (actual time=1724.661..4994.515 rows=211148 loops=3)
                    ->  Nested Loop  (cost=0.71..12300969.37 rows=9915415 width=12) (actual time=4473.012..4473.012 rows=0 loops=1)
                          ->  Nested Loop  (cost=0.42..1533152.87 rows=3369677 width=33) (actual time=0.132..3506.695 rows=492728 loops=1)
                                ->  Parallel Seq Scan on cs_1 c0  (cost=0.00..14604.75 rows=336975 width=32) (actual time=0.026..210.132 rows=808741 loops=1)
                                      Filter: (p_0 IS NOT NULL)
                                ->  Index Scan using cs_2_s on cs_2 c2  (cost=0.42..4.41 rows=10 width=29) (actual time=0.003..0.003 rows=1 loops=808741)
                                      Index Cond: (s = ANY (c0.p_16))
                                      Filter: (p_0 IS NOT NULL)
                          ->  Index Scan using cs_4_s on cs_4 c1  (cost=0.29..3.17 rows=3 width=4) (actual time=0.001..0.001 rows=0 loops=492728)
                                Index Cond: (s = ANY (c2.p_13))
                                Filter: ((p_0 IS NOT NULL) AND (p_3 IS NOT NULL))
                    ->  Nested Loop  (cost=0.70..11813067.67 rows=33621318 width=12) (actual time=0.097..1621.450 rows=164243 loops=3)
                          ->  Nested Loop  (cost=0.42..1533152.87 rows=3369677 width=33) (actual time=0.070..1207.649 rows=164243 loops=3)
                                ->  Parallel Seq Scan on cs_1 c0_1  (cost=0.00..14604.75 rows=336975 width=32) (actual time=0.012..70.809 rows=269580 loops=3)
                                      Filter: (p_0 IS NOT NULL)
                                ->  Index Scan using cs_2_s on cs_2 c2_1  (cost=0.42..4.41 rows=10 width=29) (actual time=0.003..0.003 rows=1 loops=808741)
                                      Index Cond: (s = ANY (c0_1.p_16))
                                      Filter: (p_0 IS NOT NULL)
                          ->  Index Scan using cs_7_s on cs_7 c1_1  (cost=0.28..2.95 rows=10 width=4) (actual time=0.002..0.002 rows=1 loops=492728)
                                Index Cond: (s = ANY (c2_1.p_13))
                                Filter: ((p_0 IS NOT NULL) AND (p_3 IS NOT NULL))
                    ->  Nested Loop  (cost=0.58..12409175.59 rows=9914845 width=12) (actual time=1220.521..1220.521 rows=0 loops=2)
                          ->  Nested Loop  (cost=0.29..1087870.37 rows=3369483 width=33) (actual time=0.039..1105.436 rows=70358 loops=2)
                                ->  Parallel Seq Scan on cs_1 c0_2  (cost=0.00..14604.75 rows=336975 width=32) (actual time=0.004..65.759 rows=404371 loops=2)
                                      Filter: (p_0 IS NOT NULL)
                                ->  Index Scan using cs_5_s on cs_5 c2_2  (cost=0.29..3.09 rows=10 width=29) (actual time=0.002..0.002 rows=0 loops=808741)
                                      Index Cond: (s = ANY (c0_2.p_16))
                                      Filter: (p_0 IS NOT NULL)
                          ->  Index Scan using cs_4_s on cs_4 c1_2  (cost=0.29..3.33 rows=3 width=4) (actual time=0.001..0.001 rows=0 loops=140715)
                                Index Cond: (s = ANY (c2_2.p_13))
                                Filter: ((p_0 IS NOT NULL) AND (p_3 IS NOT NULL))
                    ->  Nested Loop  (cost=0.57..11373218.14 rows=33619385 width=12) (actual time=0.129..3144.258 rows=140715 loops=1)
                          ->  Nested Loop  (cost=0.29..1087870.37 rows=3369483 width=33) (actual time=0.107..2767.367 rows=140715 loops=1)
                                ->  Parallel Seq Scan on cs_1 c0_3  (cost=0.00..14604.75 rows=336975 width=32) (actual time=0.027..215.839 rows=808741 loops=1)
                                      Filter: (p_0 IS NOT NULL)
                                ->  Index Scan using cs_5_s on cs_5 c2_3  (cost=0.29..3.09 rows=10 width=29) (actual time=0.002..0.002 rows=0 loops=808741)
                                      Index Cond: (s = ANY (c0_3.p_16))
                                      Filter: (p_0 IS NOT NULL)
                          ->  Index Scan using cs_7_s on cs_7 c1_3  (cost=0.28..2.95 rows=10 width=4) (actual time=0.002..0.002 rows=1 loops=140715)
                                Index Cond: (s = ANY (c2_3.p_13))
                                Filter: ((p_0 IS NOT NULL) AND (p_3 IS NOT NULL))
Planning Time: 17.480 ms
Execution Time: 6031.764 ms

Q5SPARQL:	PREFIX rdf: <http://www.w3.org/1999/02/22-rdf-syntax-ns#> PREFIX ub: <http://swat.cse.lehigh.edu/onto/univ-bench.owl#> SELECT DISTINCT ?s1 ?pub ?dept WHERE { ?s1 rdf:type ?studentType . ?s1 ub:memberOf ?dept . ?dept rdf:type ?deptType . ?dept ub:subOrganizationOf ?sub . ?pub rdf:type ?pubtype . ?pub ub:publicationAuthor ?s1 . }
Q5:	PlanTime	17.48ms	ExecTime	6031.764ms	TotalTime	6049.244ms



Syntax of original query:	PREFIX rdf: <http://www.w3.org/1999/02/22-rdf-syntax-ns#> PREFIX ub: <http://swat.cse.lehigh.edu/onto/univ-bench.owl#> SELECT DISTINCT ?s1 ?pub ?dept WHERE { ?s1 rdf:type ?studentType . ?s1 ub:undergraduateDegreeFrom ?uguni . ?s1 ub:memberOf ?dept . ?dept rdf:type ?deptType . ?dept ub:subOrganizationOf ?sub . ?pub rdf:type ?pubtype . ?pub ub:publicationAuthor ?s1 . }
Syntax of SQL:	 SELECT c0.s, c1.s, c2.s FROM cs_1 AS c0  INNER JOIN cs_2 AS c2 ON c2.s = ANY(c0.p_16)  INNER JOIN cs_4 AS c1 ON c1.s = ANY(c2.p_13)  WHERE c0.p_0 IS NOT NULL    AND c1.p_0 IS NOT NULL  AND c1.p_3 IS NOT NULL  AND c2.p_0 IS NOT NULL  AND c2.p_5 IS NOT NULL    UNION  SELECT c0.s, c1.s, c2.s FROM cs_1 AS c0  INNER JOIN cs_5 AS c2 ON c2.s = ANY(c0.p_16)  INNER JOIN cs_4 AS c1 ON c1.s = ANY(c2.p_13)  WHERE c0.p_0 IS NOT NULL    AND c1.p_0 IS NOT NULL  AND c1.p_3 IS NOT NULL  AND c2.p_0 IS NOT NULL  AND c2.p_5 IS NOT NULL    UNION  SELECT c0.s, c1.s, c2.s FROM cs_1 AS c0  INNER JOIN cs_2 AS c2 ON c2.s = ANY(c0.p_16)  INNER JOIN cs_7 AS c1 ON c1.s = ANY(c2.p_13)  WHERE c0.p_0 IS NOT NULL    AND c1.p_0 IS NOT NULL  AND c1.p_3 IS NOT NULL  AND c2.p_0 IS NOT NULL  AND c2.p_5 IS NOT NULL    UNION  SELECT c0.s, c1.s, c2.s FROM cs_1 AS c0  INNER JOIN cs_5 AS c2 ON c2.s = ANY(c0.p_16)  INNER JOIN cs_7 AS c1 ON c1.s = ANY(c2.p_13)  WHERE c0.p_0 IS NOT NULL    AND c1.p_0 IS NOT NULL  AND c1.p_3 IS NOT NULL  AND c2.p_0 IS NOT NULL  AND c2.p_5 IS NOT NULL   
Start Q6 execution plan
Unique  (cost=111521189.69..113610892.77 rows=208970308 width=12) (actual time=5734.454..5881.261 rows=633443 loops=1)
  ->  Sort  (cost=111521189.69..112043615.46 rows=208970308 width=12) (actual time=5734.452..5794.497 rows=633443 loops=1)
        Sort Key: c0.s, c1.s, c2.s
        Sort Method: external merge  Disk: 13648kB
        ->  Gather  (cost=1000.70..71929016.19 rows=208970308 width=12) (actual time=2.361..5410.725 rows=633443 loops=1)
              Workers Planned: 2
              Workers Launched: 2
              ->  Parallel Append  (cost=0.70..51030985.39 rows=208970308 width=12) (actual time=1705.283..4884.737 rows=211148 loops=3)
                    ->  Nested Loop  (cost=0.71..12300969.37 rows=9915415 width=12) (actual time=4416.405..4416.405 rows=0 loops=1)
                          ->  Nested Loop  (cost=0.42..1533152.87 rows=3369677 width=33) (actual time=0.149..3472.967 rows=492728 loops=1)
                                ->  Parallel Seq Scan on cs_1 c0  (cost=0.00..14604.75 rows=336975 width=32) (actual time=0.029..206.891 rows=808741 loops=1)
                                      Filter: (p_0 IS NOT NULL)
                                ->  Index Scan using cs_2_s on cs_2 c2  (cost=0.42..4.41 rows=10 width=29) (actual time=0.003..0.003 rows=1 loops=808741)
                                      Index Cond: (s = ANY (c0.p_16))
                                      Filter: ((p_0 IS NOT NULL) AND (p_5 IS NOT NULL))
                          ->  Index Scan using cs_4_s on cs_4 c1  (cost=0.29..3.17 rows=3 width=4) (actual time=0.001..0.001 rows=0 loops=492728)
                                Index Cond: (s = ANY (c2.p_13))
                                Filter: ((p_0 IS NOT NULL) AND (p_3 IS NOT NULL))
                    ->  Nested Loop  (cost=0.70..11813067.67 rows=33621318 width=12) (actual time=0.108..1558.808 rows=164243 loops=3)
                          ->  Nested Loop  (cost=0.42..1533152.87 rows=3369677 width=33) (actual time=0.073..1164.942 rows=164243 loops=3)
                                ->  Parallel Seq Scan on cs_1 c0_1  (cost=0.00..14604.75 rows=336975 width=32) (actual time=0.012..64.855 rows=269580 loops=3)
                                      Filter: (p_0 IS NOT NULL)
                                ->  Index Scan using cs_2_s on cs_2 c2_1  (cost=0.42..4.41 rows=10 width=29) (actual time=0.003..0.003 rows=1 loops=808741)
                                      Index Cond: (s = ANY (c0_1.p_16))
                                      Filter: ((p_0 IS NOT NULL) AND (p_5 IS NOT NULL))
                          ->  Index Scan using cs_7_s on cs_7 c1_1  (cost=0.28..2.95 rows=10 width=4) (actual time=0.002..0.002 rows=1 loops=492728)
                                Index Cond: (s = ANY (c2_1.p_13))
                                Filter: ((p_0 IS NOT NULL) AND (p_3 IS NOT NULL))
                    ->  Nested Loop  (cost=0.58..12409175.59 rows=9914845 width=12) (actual time=1176.660..1176.660 rows=0 loops=2)
                          ->  Nested Loop  (cost=0.29..1087870.37 rows=3369483 width=33) (actual time=0.070..1065.541 rows=70358 loops=2)
                                ->  Parallel Seq Scan on cs_1 c0_2  (cost=0.00..14604.75 rows=336975 width=32) (actual time=0.007..63.662 rows=404371 loops=2)
                                      Filter: (p_0 IS NOT NULL)
                                ->  Index Scan using cs_5_s on cs_5 c2_2  (cost=0.29..3.09 rows=10 width=29) (actual time=0.002..0.002 rows=0 loops=808741)
                                      Index Cond: (s = ANY (c0_2.p_16))
                                      Filter: ((p_0 IS NOT NULL) AND (p_5 IS NOT NULL))
                          ->  Index Scan using cs_4_s on cs_4 c1_2  (cost=0.29..3.33 rows=3 width=4) (actual time=0.001..0.001 rows=0 loops=140715)
                                Index Cond: (s = ANY (c2_2.p_13))
                                Filter: ((p_0 IS NOT NULL) AND (p_3 IS NOT NULL))
                    ->  Nested Loop  (cost=0.57..11373218.14 rows=33619385 width=12) (actual time=0.212..3162.989 rows=140715 loops=1)
                          ->  Nested Loop  (cost=0.29..1087870.37 rows=3369483 width=33) (actual time=0.181..2777.674 rows=140715 loops=1)
                                ->  Parallel Seq Scan on cs_1 c0_3  (cost=0.00..14604.75 rows=336975 width=32) (actual time=0.033..219.116 rows=808741 loops=1)
                                      Filter: (p_0 IS NOT NULL)
                                ->  Index Scan using cs_5_s on cs_5 c2_3  (cost=0.29..3.09 rows=10 width=29) (actual time=0.002..0.002 rows=0 loops=808741)
                                      Index Cond: (s = ANY (c0_3.p_16))
                                      Filter: ((p_0 IS NOT NULL) AND (p_5 IS NOT NULL))
                          ->  Index Scan using cs_7_s on cs_7 c1_3  (cost=0.28..2.95 rows=10 width=4) (actual time=0.002..0.002 rows=1 loops=140715)
                                Index Cond: (s = ANY (c2_3.p_13))
                                Filter: ((p_0 IS NOT NULL) AND (p_3 IS NOT NULL))
Planning Time: 10.443 ms
Execution Time: 5899.350 ms

Q6SPARQL:	PREFIX rdf: <http://www.w3.org/1999/02/22-rdf-syntax-ns#> PREFIX ub: <http://swat.cse.lehigh.edu/onto/univ-bench.owl#> SELECT DISTINCT ?s1 ?pub ?dept WHERE { ?s1 rdf:type ?studentType . ?s1 ub:undergraduateDegreeFrom ?uguni . ?s1 ub:memberOf ?dept . ?dept rdf:type ?deptType . ?dept ub:subOrganizationOf ?sub . ?pub rdf:type ?pubtype . ?pub ub:publicationAuthor ?s1 . }
Q6:	PlanTime	10.443ms	ExecTime	5899.35ms	TotalTime	5909.793ms



